{"error":{},"level":"error","message":"Global exception handler caught error:","request":{},"service":"A-CertifyLink","timestamp":"2025-06-26 12:40:34","traceId":"857e8a35-cf5c-4471-9c9f-3dea2fc622ab"}
{"error":{},"level":"error","message":"Global exception handler caught error:","request":{},"service":"A-CertifyLink","timestamp":"2025-06-26 15:43:35","traceId":"18282253-cdec-4a3d-91c5-00608da56c13"}
{"error":{},"level":"error","message":"Global exception handler caught error:","request":{},"service":"A-CertifyLink","timestamp":"2025-06-26 15:43:40","traceId":"ceb2e79c-b07e-4f48-a335-02ae87d47f1d"}
{"error":{},"level":"error","message":"Global exception handler caught error:","request":{},"service":"A-CertifyLink","timestamp":"2025-06-26 15:44:16","traceId":"3cfe6972-2428-44b6-951e-ccef0a7a897e"}
{"error":{},"level":"error","message":"Global exception handler caught error:","request":{},"service":"A-CertifyLink","timestamp":"2025-06-26 15:45:20","traceId":"8a4a2b6b-54bd-4f74-a518-3e3352734eb0"}
{"level":"error","message":"Unhandled exception details:","service":"A-CertifyLink","timestamp":"2025-06-26 15:45:20","traceId":"8a4a2b6b-54bd-4f74-a518-3e3352734eb0"}
{"error":{},"level":"error","message":"Global exception handler caught error:","request":{},"service":"A-CertifyLink","timestamp":"2025-06-26 15:45:25","traceId":"4219784b-0d37-43f0-b9e4-a269260d92f6"}
{"level":"error","message":"Unhandled exception details:","service":"A-CertifyLink","timestamp":"2025-06-26 15:45:25","traceId":"4219784b-0d37-43f0-b9e4-a269260d92f6"}
{"error":{},"level":"error","message":"Global exception handler caught error:","request":{},"service":"A-CertifyLink","timestamp":"2025-06-26 15:45:30","traceId":"b780916a-418e-498a-beee-972df37cdecd"}
{"level":"error","message":"Unhandled exception details:","service":"A-CertifyLink","timestamp":"2025-06-26 15:45:30","traceId":"b780916a-418e-498a-beee-972df37cdecd"}
{"error":{},"level":"error","message":"Global exception handler caught error:","request":{},"service":"A-CertifyLink","timestamp":"2025-06-26 16:06:09","traceId":"3097cfc6-76cd-455d-8a04-922f255539d7"}
{"level":"error","message":"Unhandled exception details:","service":"A-CertifyLink","timestamp":"2025-06-26 16:06:09","traceId":"3097cfc6-76cd-455d-8a04-922f255539d7"}
{"error":{},"level":"error","message":"Global exception handler caught error:","request":{},"service":"A-CertifyLink","timestamp":"2025-06-26 16:06:14","traceId":"1944b19a-1073-455a-bed1-3132a5c26a34"}
{"level":"error","message":"Unhandled exception details:","service":"A-CertifyLink","timestamp":"2025-06-26 16:06:14","traceId":"1944b19a-1073-455a-bed1-3132a5c26a34"}
{"level":"error","message":"❌ Failed to setup routes:","service":"A-CertifyLink","timestamp":"2025-06-26 16:39:44"}
{"level":"error","message":"❌ Forced shutdown due to timeout","service":"A-CertifyLink","timestamp":"2025-06-26 17:28:56"}
{"level":"error","message":"❌ Forced shutdown due to timeout","service":"A-CertifyLink","timestamp":"2025-06-26 17:30:01"}
{"level":"error","message":"❌ Forced shutdown due to timeout","service":"A-CertifyLink","timestamp":"2025-06-26 17:30:44"}
{"error":{},"level":"error","message":"Global exception handler caught error:","request":{},"service":"A-CertifyLink","timestamp":"2025-06-26 17:31:29","traceId":"27fd8e30-515c-4c89-a79b-a753b55392e9"}
{"level":"error","message":"Unhandled exception details:","service":"A-CertifyLink","timestamp":"2025-06-26 17:31:29","traceId":"27fd8e30-515c-4c89-a79b-a753b55392e9"}
{"error":{},"level":"error","message":"Global exception handler caught error:","request":{},"service":"A-CertifyLink","timestamp":"2025-06-26 17:50:45","traceId":"1e625918-978c-44b9-8fd4-c1c0f0fa0aec"}
{"level":"error","message":"Unhandled exception details:","service":"A-CertifyLink","timestamp":"2025-06-26 17:50:45","traceId":"1e625918-978c-44b9-8fd4-c1c0f0fa0aec"}
{"error":{},"level":"error","message":"Global exception handler caught error:","request":{},"service":"A-CertifyLink","timestamp":"2025-06-26 17:50:47","traceId":"689f5896-0da9-4719-8286-7609f352bff1"}
{"level":"error","message":"Unhandled exception details:","service":"A-CertifyLink","timestamp":"2025-06-26 17:50:47","traceId":"689f5896-0da9-4719-8286-7609f352bff1"}
{"error":{},"level":"error","message":"Global exception handler caught error:","request":{},"service":"A-CertifyLink","timestamp":"2025-06-26 17:50:48","traceId":"bf517445-3ce0-498b-9af0-fc64edadf1eb"}
{"level":"error","message":"Unhandled exception details:","service":"A-CertifyLink","timestamp":"2025-06-26 17:50:48","traceId":"bf517445-3ce0-498b-9af0-fc64edadf1eb"}
{"error":{},"level":"error","message":"Global exception handler caught error:","request":{},"service":"A-CertifyLink","timestamp":"2025-06-26 17:50:48","traceId":"53db7cf9-633f-403f-b495-d4d01b85fa2e"}
{"level":"error","message":"Unhandled exception details:","service":"A-CertifyLink","timestamp":"2025-06-26 17:50:48","traceId":"53db7cf9-633f-403f-b495-d4d01b85fa2e"}
{"error":{},"level":"error","message":"Global exception handler caught error:","request":{},"service":"A-CertifyLink","timestamp":"2025-06-26 17:51:53","traceId":"df5390a3-4f4e-4174-bac4-971109d4a010"}
{"level":"error","message":"Unhandled exception details:","service":"A-CertifyLink","timestamp":"2025-06-26 17:51:53","traceId":"df5390a3-4f4e-4174-bac4-971109d4a010"}
{"error":{},"level":"error","message":"Global exception handler caught error:","request":{},"service":"A-CertifyLink","timestamp":"2025-06-26 17:51:53","traceId":"e81f7189-0868-413f-b822-3923306caf90"}
{"level":"error","message":"Unhandled exception details:","service":"A-CertifyLink","timestamp":"2025-06-26 17:51:53","traceId":"e81f7189-0868-413f-b822-3923306caf90"}
{"error":{},"level":"error","message":"Global exception handler caught error:","request":{},"service":"A-CertifyLink","timestamp":"2025-06-26 17:51:54","traceId":"1ebaa5c8-e24c-4792-bd78-dc603f265c26"}
{"level":"error","message":"Unhandled exception details:","service":"A-CertifyLink","timestamp":"2025-06-26 17:51:54","traceId":"1ebaa5c8-e24c-4792-bd78-dc603f265c26"}
{"error":{},"level":"error","message":"Global exception handler caught error:","request":{},"service":"A-CertifyLink","timestamp":"2025-06-26 17:54:29","traceId":"d4ecf286-fd48-4bf2-b046-9e6d9ec00279"}
{"level":"error","message":"Unhandled exception details:","service":"A-CertifyLink","timestamp":"2025-06-26 17:54:29","traceId":"d4ecf286-fd48-4bf2-b046-9e6d9ec00279"}
{"error":{},"level":"error","message":"Global exception handler caught error:","request":{},"service":"A-CertifyLink","timestamp":"2025-06-26 17:55:41","traceId":"b8a75d0a-b524-4307-8a3d-5a52fbb279ba"}
{"level":"error","message":"Unhandled exception details:","service":"A-CertifyLink","timestamp":"2025-06-26 17:55:41","traceId":"b8a75d0a-b524-4307-8a3d-5a52fbb279ba"}
{"error":{},"level":"error","message":"Global exception handler caught error:","request":{},"service":"A-CertifyLink","timestamp":"2025-06-26 18:00:13","traceId":"164962b4-a9b2-4fec-a122-de055a0304d7"}
{"level":"error","message":"Unhandled exception details:","service":"A-CertifyLink","timestamp":"2025-06-26 18:00:13","traceId":"164962b4-a9b2-4fec-a122-de055a0304d7"}
{"level":"error","message":"Validation middleware error: Cannot read properties of undefined (reading 'constructor')","service":"A-CertifyLink","stack":"TypeError: Cannot read properties of undefined (reading 'constructor')\n    at ValidationExecutor.execute (C:\\Users\\a.elong\\Documents\\Genesis\\Career\\Projects\\WebStorm\\A-CertifyLink\\node_modules\\src\\validation\\ValidationExecutor.ts:62:14)\n    at Validator.coreValidate (C:\\Users\\a.elong\\Documents\\Genesis\\Career\\Projects\\WebStorm\\A-CertifyLink\\node_modules\\src\\validation\\Validator.ts:107:14)\n    at Validator.validate (C:\\Users\\a.elong\\Documents\\Genesis\\Career\\Projects\\WebStorm\\A-CertifyLink\\node_modules\\src\\validation\\Validator.ts:32:17)\n    at validate (C:\\Users\\a.elong\\Documents\\Genesis\\Career\\Projects\\WebStorm\\A-CertifyLink\\node_modules\\src\\index.ts:58:40)\n    at <anonymous> (C:\\Users\\a.elong\\Documents\\Genesis\\Career\\Projects\\WebStorm\\A-CertifyLink\\src\\middlewares\\validation.middleware.ts:16:53)\n    at Layer.handle [as handle_request] (C:\\Users\\a.elong\\Documents\\Genesis\\Career\\Projects\\WebStorm\\A-CertifyLink\\node_modules\\express\\lib\\router\\layer.js:95:5)\n    at next (C:\\Users\\a.elong\\Documents\\Genesis\\Career\\Projects\\WebStorm\\A-CertifyLink\\node_modules\\express\\lib\\router\\route.js:149:13)\n    at C:\\Users\\a.elong\\Documents\\Genesis\\Career\\Projects\\WebStorm\\A-CertifyLink\\node_modules\\express-rate-limit\\dist\\index.cjs:822:7\n    at async C:\\Users\\a.elong\\Documents\\Genesis\\Career\\Projects\\WebStorm\\A-CertifyLink\\node_modules\\express-rate-limit\\dist\\index.cjs:704:5","timestamp":"2025-06-26 18:01:48"}
{"error":{"message":"Cannot read properties of undefined (reading 'constructor')","name":"TypeError","stack":"TypeError: Cannot read properties of undefined (reading 'constructor')\n    at ValidationExecutor.execute (C:\\Users\\a.elong\\Documents\\Genesis\\Career\\Projects\\WebStorm\\A-CertifyLink\\node_modules\\src\\validation\\ValidationExecutor.ts:62:14)\n    at Validator.coreValidate (C:\\Users\\a.elong\\Documents\\Genesis\\Career\\Projects\\WebStorm\\A-CertifyLink\\node_modules\\src\\validation\\Validator.ts:107:14)\n    at Validator.validate (C:\\Users\\a.elong\\Documents\\Genesis\\Career\\Projects\\WebStorm\\A-CertifyLink\\node_modules\\src\\validation\\Validator.ts:32:17)\n    at validate (C:\\Users\\a.elong\\Documents\\Genesis\\Career\\Projects\\WebStorm\\A-CertifyLink\\node_modules\\src\\index.ts:58:40)\n    at <anonymous> (C:\\Users\\a.elong\\Documents\\Genesis\\Career\\Projects\\WebStorm\\A-CertifyLink\\src\\middlewares\\validation.middleware.ts:16:53)\n    at Layer.handle [as handle_request] (C:\\Users\\a.elong\\Documents\\Genesis\\Career\\Projects\\WebStorm\\A-CertifyLink\\node_modules\\express\\lib\\router\\layer.js:95:5)\n    at next (C:\\Users\\a.elong\\Documents\\Genesis\\Career\\Projects\\WebStorm\\A-CertifyLink\\node_modules\\express\\lib\\router\\route.js:149:13)\n    at C:\\Users\\a.elong\\Documents\\Genesis\\Career\\Projects\\WebStorm\\A-CertifyLink\\node_modules\\express-rate-limit\\dist\\index.cjs:822:7\n    at async C:\\Users\\a.elong\\Documents\\Genesis\\Career\\Projects\\WebStorm\\A-CertifyLink\\node_modules\\express-rate-limit\\dist\\index.cjs:704:5"},"level":"error","message":"Global exception handler caught error:","request":{"ip":"::1","method":"POST","url":"/api/v1/auth/login","userAgent":"PostmanRuntime/7.44.1"},"service":"A-CertifyLink","timestamp":"2025-06-26 18:01:48","traceId":"f2d324df-8d61-48af-a327-f0002d37849b"}
{"errorMessage":"Cannot read properties of undefined (reading 'constructor')","errorName":"TypeError","level":"error","message":"Unhandled exception details:","service":"A-CertifyLink","stack":"TypeError: Cannot read properties of undefined (reading 'constructor')\n    at ValidationExecutor.execute (C:\\Users\\a.elong\\Documents\\Genesis\\Career\\Projects\\WebStorm\\A-CertifyLink\\node_modules\\src\\validation\\ValidationExecutor.ts:62:14)\n    at Validator.coreValidate (C:\\Users\\a.elong\\Documents\\Genesis\\Career\\Projects\\WebStorm\\A-CertifyLink\\node_modules\\src\\validation\\Validator.ts:107:14)\n    at Validator.validate (C:\\Users\\a.elong\\Documents\\Genesis\\Career\\Projects\\WebStorm\\A-CertifyLink\\node_modules\\src\\validation\\Validator.ts:32:17)\n    at validate (C:\\Users\\a.elong\\Documents\\Genesis\\Career\\Projects\\WebStorm\\A-CertifyLink\\node_modules\\src\\index.ts:58:40)\n    at <anonymous> (C:\\Users\\a.elong\\Documents\\Genesis\\Career\\Projects\\WebStorm\\A-CertifyLink\\src\\middlewares\\validation.middleware.ts:16:53)\n    at Layer.handle [as handle_request] (C:\\Users\\a.elong\\Documents\\Genesis\\Career\\Projects\\WebStorm\\A-CertifyLink\\node_modules\\express\\lib\\router\\layer.js:95:5)\n    at next (C:\\Users\\a.elong\\Documents\\Genesis\\Career\\Projects\\WebStorm\\A-CertifyLink\\node_modules\\express\\lib\\router\\route.js:149:13)\n    at C:\\Users\\a.elong\\Documents\\Genesis\\Career\\Projects\\WebStorm\\A-CertifyLink\\node_modules\\express-rate-limit\\dist\\index.cjs:822:7\n    at async C:\\Users\\a.elong\\Documents\\Genesis\\Career\\Projects\\WebStorm\\A-CertifyLink\\node_modules\\express-rate-limit\\dist\\index.cjs:704:5","timestamp":"2025-06-26 18:01:48","traceId":"f2d324df-8d61-48af-a327-f0002d37849b"}
{"level":"error","message":"Validation middleware error: Cannot read properties of undefined (reading 'constructor')","service":"A-CertifyLink","stack":"TypeError: Cannot read properties of undefined (reading 'constructor')\n    at ValidationExecutor.execute (C:\\Users\\a.elong\\Documents\\Genesis\\Career\\Projects\\WebStorm\\A-CertifyLink\\node_modules\\src\\validation\\ValidationExecutor.ts:62:14)\n    at Validator.coreValidate (C:\\Users\\a.elong\\Documents\\Genesis\\Career\\Projects\\WebStorm\\A-CertifyLink\\node_modules\\src\\validation\\Validator.ts:107:14)\n    at Validator.validate (C:\\Users\\a.elong\\Documents\\Genesis\\Career\\Projects\\WebStorm\\A-CertifyLink\\node_modules\\src\\validation\\Validator.ts:32:17)\n    at validate (C:\\Users\\a.elong\\Documents\\Genesis\\Career\\Projects\\WebStorm\\A-CertifyLink\\node_modules\\src\\index.ts:58:40)\n    at <anonymous> (C:\\Users\\a.elong\\Documents\\Genesis\\Career\\Projects\\WebStorm\\A-CertifyLink\\src\\middlewares\\validation.middleware.ts:16:53)\n    at Layer.handle [as handle_request] (C:\\Users\\a.elong\\Documents\\Genesis\\Career\\Projects\\WebStorm\\A-CertifyLink\\node_modules\\express\\lib\\router\\layer.js:95:5)\n    at next (C:\\Users\\a.elong\\Documents\\Genesis\\Career\\Projects\\WebStorm\\A-CertifyLink\\node_modules\\express\\lib\\router\\route.js:149:13)\n    at C:\\Users\\a.elong\\Documents\\Genesis\\Career\\Projects\\WebStorm\\A-CertifyLink\\node_modules\\express-rate-limit\\dist\\index.cjs:822:7\n    at async C:\\Users\\a.elong\\Documents\\Genesis\\Career\\Projects\\WebStorm\\A-CertifyLink\\node_modules\\express-rate-limit\\dist\\index.cjs:704:5","timestamp":"2025-06-26 18:02:36"}
{"error":{"message":"Cannot read properties of undefined (reading 'constructor')","name":"TypeError","stack":"TypeError: Cannot read properties of undefined (reading 'constructor')\n    at ValidationExecutor.execute (C:\\Users\\a.elong\\Documents\\Genesis\\Career\\Projects\\WebStorm\\A-CertifyLink\\node_modules\\src\\validation\\ValidationExecutor.ts:62:14)\n    at Validator.coreValidate (C:\\Users\\a.elong\\Documents\\Genesis\\Career\\Projects\\WebStorm\\A-CertifyLink\\node_modules\\src\\validation\\Validator.ts:107:14)\n    at Validator.validate (C:\\Users\\a.elong\\Documents\\Genesis\\Career\\Projects\\WebStorm\\A-CertifyLink\\node_modules\\src\\validation\\Validator.ts:32:17)\n    at validate (C:\\Users\\a.elong\\Documents\\Genesis\\Career\\Projects\\WebStorm\\A-CertifyLink\\node_modules\\src\\index.ts:58:40)\n    at <anonymous> (C:\\Users\\a.elong\\Documents\\Genesis\\Career\\Projects\\WebStorm\\A-CertifyLink\\src\\middlewares\\validation.middleware.ts:16:53)\n    at Layer.handle [as handle_request] (C:\\Users\\a.elong\\Documents\\Genesis\\Career\\Projects\\WebStorm\\A-CertifyLink\\node_modules\\express\\lib\\router\\layer.js:95:5)\n    at next (C:\\Users\\a.elong\\Documents\\Genesis\\Career\\Projects\\WebStorm\\A-CertifyLink\\node_modules\\express\\lib\\router\\route.js:149:13)\n    at C:\\Users\\a.elong\\Documents\\Genesis\\Career\\Projects\\WebStorm\\A-CertifyLink\\node_modules\\express-rate-limit\\dist\\index.cjs:822:7\n    at async C:\\Users\\a.elong\\Documents\\Genesis\\Career\\Projects\\WebStorm\\A-CertifyLink\\node_modules\\express-rate-limit\\dist\\index.cjs:704:5"},"level":"error","message":"Global exception handler caught error:","request":{"ip":"::1","method":"POST","url":"/api/v1/auth/login","userAgent":"PostmanRuntime/7.44.1"},"service":"A-CertifyLink","timestamp":"2025-06-26 18:02:36","traceId":"640836cc-dc8a-4301-8f3a-a4d79a6f7f05"}
{"errorMessage":"Cannot read properties of undefined (reading 'constructor')","errorName":"TypeError","level":"error","message":"Unhandled exception details:","service":"A-CertifyLink","stack":"TypeError: Cannot read properties of undefined (reading 'constructor')\n    at ValidationExecutor.execute (C:\\Users\\a.elong\\Documents\\Genesis\\Career\\Projects\\WebStorm\\A-CertifyLink\\node_modules\\src\\validation\\ValidationExecutor.ts:62:14)\n    at Validator.coreValidate (C:\\Users\\a.elong\\Documents\\Genesis\\Career\\Projects\\WebStorm\\A-CertifyLink\\node_modules\\src\\validation\\Validator.ts:107:14)\n    at Validator.validate (C:\\Users\\a.elong\\Documents\\Genesis\\Career\\Projects\\WebStorm\\A-CertifyLink\\node_modules\\src\\validation\\Validator.ts:32:17)\n    at validate (C:\\Users\\a.elong\\Documents\\Genesis\\Career\\Projects\\WebStorm\\A-CertifyLink\\node_modules\\src\\index.ts:58:40)\n    at <anonymous> (C:\\Users\\a.elong\\Documents\\Genesis\\Career\\Projects\\WebStorm\\A-CertifyLink\\src\\middlewares\\validation.middleware.ts:16:53)\n    at Layer.handle [as handle_request] (C:\\Users\\a.elong\\Documents\\Genesis\\Career\\Projects\\WebStorm\\A-CertifyLink\\node_modules\\express\\lib\\router\\layer.js:95:5)\n    at next (C:\\Users\\a.elong\\Documents\\Genesis\\Career\\Projects\\WebStorm\\A-CertifyLink\\node_modules\\express\\lib\\router\\route.js:149:13)\n    at C:\\Users\\a.elong\\Documents\\Genesis\\Career\\Projects\\WebStorm\\A-CertifyLink\\node_modules\\express-rate-limit\\dist\\index.cjs:822:7\n    at async C:\\Users\\a.elong\\Documents\\Genesis\\Career\\Projects\\WebStorm\\A-CertifyLink\\node_modules\\express-rate-limit\\dist\\index.cjs:704:5","timestamp":"2025-06-26 18:02:36","traceId":"640836cc-dc8a-4301-8f3a-a4d79a6f7f05"}
{"level":"error","message":"Validation middleware error: Cannot read properties of undefined (reading 'constructor')","service":"A-CertifyLink","stack":"TypeError: Cannot read properties of undefined (reading 'constructor')\n    at ValidationExecutor.execute (C:\\Users\\a.elong\\Documents\\Genesis\\Career\\Projects\\WebStorm\\A-CertifyLink\\node_modules\\src\\validation\\ValidationExecutor.ts:62:14)\n    at Validator.coreValidate (C:\\Users\\a.elong\\Documents\\Genesis\\Career\\Projects\\WebStorm\\A-CertifyLink\\node_modules\\src\\validation\\Validator.ts:107:14)\n    at Validator.validate (C:\\Users\\a.elong\\Documents\\Genesis\\Career\\Projects\\WebStorm\\A-CertifyLink\\node_modules\\src\\validation\\Validator.ts:32:17)\n    at validate (C:\\Users\\a.elong\\Documents\\Genesis\\Career\\Projects\\WebStorm\\A-CertifyLink\\node_modules\\src\\index.ts:58:40)\n    at <anonymous> (C:\\Users\\a.elong\\Documents\\Genesis\\Career\\Projects\\WebStorm\\A-CertifyLink\\src\\middlewares\\validation.middleware.ts:16:53)\n    at Layer.handle [as handle_request] (C:\\Users\\a.elong\\Documents\\Genesis\\Career\\Projects\\WebStorm\\A-CertifyLink\\node_modules\\express\\lib\\router\\layer.js:95:5)\n    at next (C:\\Users\\a.elong\\Documents\\Genesis\\Career\\Projects\\WebStorm\\A-CertifyLink\\node_modules\\express\\lib\\router\\route.js:149:13)\n    at C:\\Users\\a.elong\\Documents\\Genesis\\Career\\Projects\\WebStorm\\A-CertifyLink\\node_modules\\express-rate-limit\\dist\\index.cjs:822:7\n    at async C:\\Users\\a.elong\\Documents\\Genesis\\Career\\Projects\\WebStorm\\A-CertifyLink\\node_modules\\express-rate-limit\\dist\\index.cjs:704:5","timestamp":"2025-06-26 18:02:37"}
{"error":{"message":"Cannot read properties of undefined (reading 'constructor')","name":"TypeError","stack":"TypeError: Cannot read properties of undefined (reading 'constructor')\n    at ValidationExecutor.execute (C:\\Users\\a.elong\\Documents\\Genesis\\Career\\Projects\\WebStorm\\A-CertifyLink\\node_modules\\src\\validation\\ValidationExecutor.ts:62:14)\n    at Validator.coreValidate (C:\\Users\\a.elong\\Documents\\Genesis\\Career\\Projects\\WebStorm\\A-CertifyLink\\node_modules\\src\\validation\\Validator.ts:107:14)\n    at Validator.validate (C:\\Users\\a.elong\\Documents\\Genesis\\Career\\Projects\\WebStorm\\A-CertifyLink\\node_modules\\src\\validation\\Validator.ts:32:17)\n    at validate (C:\\Users\\a.elong\\Documents\\Genesis\\Career\\Projects\\WebStorm\\A-CertifyLink\\node_modules\\src\\index.ts:58:40)\n    at <anonymous> (C:\\Users\\a.elong\\Documents\\Genesis\\Career\\Projects\\WebStorm\\A-CertifyLink\\src\\middlewares\\validation.middleware.ts:16:53)\n    at Layer.handle [as handle_request] (C:\\Users\\a.elong\\Documents\\Genesis\\Career\\Projects\\WebStorm\\A-CertifyLink\\node_modules\\express\\lib\\router\\layer.js:95:5)\n    at next (C:\\Users\\a.elong\\Documents\\Genesis\\Career\\Projects\\WebStorm\\A-CertifyLink\\node_modules\\express\\lib\\router\\route.js:149:13)\n    at C:\\Users\\a.elong\\Documents\\Genesis\\Career\\Projects\\WebStorm\\A-CertifyLink\\node_modules\\express-rate-limit\\dist\\index.cjs:822:7\n    at async C:\\Users\\a.elong\\Documents\\Genesis\\Career\\Projects\\WebStorm\\A-CertifyLink\\node_modules\\express-rate-limit\\dist\\index.cjs:704:5"},"level":"error","message":"Global exception handler caught error:","request":{"ip":"::1","method":"POST","url":"/api/v1/auth/login","userAgent":"PostmanRuntime/7.44.1"},"service":"A-CertifyLink","timestamp":"2025-06-26 18:02:37","traceId":"d55346ca-c705-4dee-aa0f-2232cb82dd56"}
{"errorMessage":"Cannot read properties of undefined (reading 'constructor')","errorName":"TypeError","level":"error","message":"Unhandled exception details:","service":"A-CertifyLink","stack":"TypeError: Cannot read properties of undefined (reading 'constructor')\n    at ValidationExecutor.execute (C:\\Users\\a.elong\\Documents\\Genesis\\Career\\Projects\\WebStorm\\A-CertifyLink\\node_modules\\src\\validation\\ValidationExecutor.ts:62:14)\n    at Validator.coreValidate (C:\\Users\\a.elong\\Documents\\Genesis\\Career\\Projects\\WebStorm\\A-CertifyLink\\node_modules\\src\\validation\\Validator.ts:107:14)\n    at Validator.validate (C:\\Users\\a.elong\\Documents\\Genesis\\Career\\Projects\\WebStorm\\A-CertifyLink\\node_modules\\src\\validation\\Validator.ts:32:17)\n    at validate (C:\\Users\\a.elong\\Documents\\Genesis\\Career\\Projects\\WebStorm\\A-CertifyLink\\node_modules\\src\\index.ts:58:40)\n    at <anonymous> (C:\\Users\\a.elong\\Documents\\Genesis\\Career\\Projects\\WebStorm\\A-CertifyLink\\src\\middlewares\\validation.middleware.ts:16:53)\n    at Layer.handle [as handle_request] (C:\\Users\\a.elong\\Documents\\Genesis\\Career\\Projects\\WebStorm\\A-CertifyLink\\node_modules\\express\\lib\\router\\layer.js:95:5)\n    at next (C:\\Users\\a.elong\\Documents\\Genesis\\Career\\Projects\\WebStorm\\A-CertifyLink\\node_modules\\express\\lib\\router\\route.js:149:13)\n    at C:\\Users\\a.elong\\Documents\\Genesis\\Career\\Projects\\WebStorm\\A-CertifyLink\\node_modules\\express-rate-limit\\dist\\index.cjs:822:7\n    at async C:\\Users\\a.elong\\Documents\\Genesis\\Career\\Projects\\WebStorm\\A-CertifyLink\\node_modules\\express-rate-limit\\dist\\index.cjs:704:5","timestamp":"2025-06-26 18:02:37","traceId":"d55346ca-c705-4dee-aa0f-2232cb82dd56"}
{"level":"error","message":"Validation middleware error: Cannot read properties of undefined (reading 'constructor')","service":"A-CertifyLink","stack":"TypeError: Cannot read properties of undefined (reading 'constructor')\n    at ValidationExecutor.execute (C:\\Users\\a.elong\\Documents\\Genesis\\Career\\Projects\\WebStorm\\A-CertifyLink\\node_modules\\src\\validation\\ValidationExecutor.ts:62:14)\n    at Validator.coreValidate (C:\\Users\\a.elong\\Documents\\Genesis\\Career\\Projects\\WebStorm\\A-CertifyLink\\node_modules\\src\\validation\\Validator.ts:107:14)\n    at Validator.validate (C:\\Users\\a.elong\\Documents\\Genesis\\Career\\Projects\\WebStorm\\A-CertifyLink\\node_modules\\src\\validation\\Validator.ts:32:17)\n    at validate (C:\\Users\\a.elong\\Documents\\Genesis\\Career\\Projects\\WebStorm\\A-CertifyLink\\node_modules\\src\\index.ts:58:40)\n    at <anonymous> (C:\\Users\\a.elong\\Documents\\Genesis\\Career\\Projects\\WebStorm\\A-CertifyLink\\src\\middlewares\\validation.middleware.ts:16:53)\n    at Layer.handle [as handle_request] (C:\\Users\\a.elong\\Documents\\Genesis\\Career\\Projects\\WebStorm\\A-CertifyLink\\node_modules\\express\\lib\\router\\layer.js:95:5)\n    at next (C:\\Users\\a.elong\\Documents\\Genesis\\Career\\Projects\\WebStorm\\A-CertifyLink\\node_modules\\express\\lib\\router\\route.js:149:13)\n    at C:\\Users\\a.elong\\Documents\\Genesis\\Career\\Projects\\WebStorm\\A-CertifyLink\\node_modules\\express-rate-limit\\dist\\index.cjs:822:7\n    at async C:\\Users\\a.elong\\Documents\\Genesis\\Career\\Projects\\WebStorm\\A-CertifyLink\\node_modules\\express-rate-limit\\dist\\index.cjs:704:5","timestamp":"2025-06-26 18:03:24"}
{"error":{"message":"Cannot read properties of undefined (reading 'constructor')","name":"TypeError","stack":"TypeError: Cannot read properties of undefined (reading 'constructor')\n    at ValidationExecutor.execute (C:\\Users\\a.elong\\Documents\\Genesis\\Career\\Projects\\WebStorm\\A-CertifyLink\\node_modules\\src\\validation\\ValidationExecutor.ts:62:14)\n    at Validator.coreValidate (C:\\Users\\a.elong\\Documents\\Genesis\\Career\\Projects\\WebStorm\\A-CertifyLink\\node_modules\\src\\validation\\Validator.ts:107:14)\n    at Validator.validate (C:\\Users\\a.elong\\Documents\\Genesis\\Career\\Projects\\WebStorm\\A-CertifyLink\\node_modules\\src\\validation\\Validator.ts:32:17)\n    at validate (C:\\Users\\a.elong\\Documents\\Genesis\\Career\\Projects\\WebStorm\\A-CertifyLink\\node_modules\\src\\index.ts:58:40)\n    at <anonymous> (C:\\Users\\a.elong\\Documents\\Genesis\\Career\\Projects\\WebStorm\\A-CertifyLink\\src\\middlewares\\validation.middleware.ts:16:53)\n    at Layer.handle [as handle_request] (C:\\Users\\a.elong\\Documents\\Genesis\\Career\\Projects\\WebStorm\\A-CertifyLink\\node_modules\\express\\lib\\router\\layer.js:95:5)\n    at next (C:\\Users\\a.elong\\Documents\\Genesis\\Career\\Projects\\WebStorm\\A-CertifyLink\\node_modules\\express\\lib\\router\\route.js:149:13)\n    at C:\\Users\\a.elong\\Documents\\Genesis\\Career\\Projects\\WebStorm\\A-CertifyLink\\node_modules\\express-rate-limit\\dist\\index.cjs:822:7\n    at async C:\\Users\\a.elong\\Documents\\Genesis\\Career\\Projects\\WebStorm\\A-CertifyLink\\node_modules\\express-rate-limit\\dist\\index.cjs:704:5"},"level":"error","message":"Global exception handler caught error:","request":{"ip":"::1","method":"POST","url":"/api/v1/auth/login","userAgent":"PostmanRuntime/7.44.1"},"service":"A-CertifyLink","timestamp":"2025-06-26 18:03:24","traceId":"812ec791-3ed8-4d78-981b-d556df959e75"}
{"errorMessage":"Cannot read properties of undefined (reading 'constructor')","errorName":"TypeError","level":"error","message":"Unhandled exception details:","service":"A-CertifyLink","stack":"TypeError: Cannot read properties of undefined (reading 'constructor')\n    at ValidationExecutor.execute (C:\\Users\\a.elong\\Documents\\Genesis\\Career\\Projects\\WebStorm\\A-CertifyLink\\node_modules\\src\\validation\\ValidationExecutor.ts:62:14)\n    at Validator.coreValidate (C:\\Users\\a.elong\\Documents\\Genesis\\Career\\Projects\\WebStorm\\A-CertifyLink\\node_modules\\src\\validation\\Validator.ts:107:14)\n    at Validator.validate (C:\\Users\\a.elong\\Documents\\Genesis\\Career\\Projects\\WebStorm\\A-CertifyLink\\node_modules\\src\\validation\\Validator.ts:32:17)\n    at validate (C:\\Users\\a.elong\\Documents\\Genesis\\Career\\Projects\\WebStorm\\A-CertifyLink\\node_modules\\src\\index.ts:58:40)\n    at <anonymous> (C:\\Users\\a.elong\\Documents\\Genesis\\Career\\Projects\\WebStorm\\A-CertifyLink\\src\\middlewares\\validation.middleware.ts:16:53)\n    at Layer.handle [as handle_request] (C:\\Users\\a.elong\\Documents\\Genesis\\Career\\Projects\\WebStorm\\A-CertifyLink\\node_modules\\express\\lib\\router\\layer.js:95:5)\n    at next (C:\\Users\\a.elong\\Documents\\Genesis\\Career\\Projects\\WebStorm\\A-CertifyLink\\node_modules\\express\\lib\\router\\route.js:149:13)\n    at C:\\Users\\a.elong\\Documents\\Genesis\\Career\\Projects\\WebStorm\\A-CertifyLink\\node_modules\\express-rate-limit\\dist\\index.cjs:822:7\n    at async C:\\Users\\a.elong\\Documents\\Genesis\\Career\\Projects\\WebStorm\\A-CertifyLink\\node_modules\\express-rate-limit\\dist\\index.cjs:704:5","timestamp":"2025-06-26 18:03:24","traceId":"812ec791-3ed8-4d78-981b-d556df959e75"}
{"level":"error","message":"Validation middleware error: Cannot read properties of undefined (reading 'constructor')","service":"A-CertifyLink","stack":"TypeError: Cannot read properties of undefined (reading 'constructor')\n    at ValidationExecutor.execute (C:\\Users\\a.elong\\Documents\\Genesis\\Career\\Projects\\WebStorm\\A-CertifyLink\\node_modules\\src\\validation\\ValidationExecutor.ts:62:14)\n    at Validator.coreValidate (C:\\Users\\a.elong\\Documents\\Genesis\\Career\\Projects\\WebStorm\\A-CertifyLink\\node_modules\\src\\validation\\Validator.ts:107:14)\n    at Validator.validate (C:\\Users\\a.elong\\Documents\\Genesis\\Career\\Projects\\WebStorm\\A-CertifyLink\\node_modules\\src\\validation\\Validator.ts:32:17)\n    at validate (C:\\Users\\a.elong\\Documents\\Genesis\\Career\\Projects\\WebStorm\\A-CertifyLink\\node_modules\\src\\index.ts:58:40)\n    at <anonymous> (C:\\Users\\a.elong\\Documents\\Genesis\\Career\\Projects\\WebStorm\\A-CertifyLink\\src\\middlewares\\validation.middleware.ts:16:53)\n    at Layer.handle [as handle_request] (C:\\Users\\a.elong\\Documents\\Genesis\\Career\\Projects\\WebStorm\\A-CertifyLink\\node_modules\\express\\lib\\router\\layer.js:95:5)\n    at next (C:\\Users\\a.elong\\Documents\\Genesis\\Career\\Projects\\WebStorm\\A-CertifyLink\\node_modules\\express\\lib\\router\\route.js:149:13)\n    at C:\\Users\\a.elong\\Documents\\Genesis\\Career\\Projects\\WebStorm\\A-CertifyLink\\node_modules\\express-rate-limit\\dist\\index.cjs:822:7\n    at async C:\\Users\\a.elong\\Documents\\Genesis\\Career\\Projects\\WebStorm\\A-CertifyLink\\node_modules\\express-rate-limit\\dist\\index.cjs:704:5","timestamp":"2025-06-26 18:03:26"}
{"error":{"message":"Cannot read properties of undefined (reading 'constructor')","name":"TypeError","stack":"TypeError: Cannot read properties of undefined (reading 'constructor')\n    at ValidationExecutor.execute (C:\\Users\\a.elong\\Documents\\Genesis\\Career\\Projects\\WebStorm\\A-CertifyLink\\node_modules\\src\\validation\\ValidationExecutor.ts:62:14)\n    at Validator.coreValidate (C:\\Users\\a.elong\\Documents\\Genesis\\Career\\Projects\\WebStorm\\A-CertifyLink\\node_modules\\src\\validation\\Validator.ts:107:14)\n    at Validator.validate (C:\\Users\\a.elong\\Documents\\Genesis\\Career\\Projects\\WebStorm\\A-CertifyLink\\node_modules\\src\\validation\\Validator.ts:32:17)\n    at validate (C:\\Users\\a.elong\\Documents\\Genesis\\Career\\Projects\\WebStorm\\A-CertifyLink\\node_modules\\src\\index.ts:58:40)\n    at <anonymous> (C:\\Users\\a.elong\\Documents\\Genesis\\Career\\Projects\\WebStorm\\A-CertifyLink\\src\\middlewares\\validation.middleware.ts:16:53)\n    at Layer.handle [as handle_request] (C:\\Users\\a.elong\\Documents\\Genesis\\Career\\Projects\\WebStorm\\A-CertifyLink\\node_modules\\express\\lib\\router\\layer.js:95:5)\n    at next (C:\\Users\\a.elong\\Documents\\Genesis\\Career\\Projects\\WebStorm\\A-CertifyLink\\node_modules\\express\\lib\\router\\route.js:149:13)\n    at C:\\Users\\a.elong\\Documents\\Genesis\\Career\\Projects\\WebStorm\\A-CertifyLink\\node_modules\\express-rate-limit\\dist\\index.cjs:822:7\n    at async C:\\Users\\a.elong\\Documents\\Genesis\\Career\\Projects\\WebStorm\\A-CertifyLink\\node_modules\\express-rate-limit\\dist\\index.cjs:704:5"},"level":"error","message":"Global exception handler caught error:","request":{"ip":"::1","method":"POST","url":"/api/v1/auth/login","userAgent":"PostmanRuntime/7.44.1"},"service":"A-CertifyLink","timestamp":"2025-06-26 18:03:26","traceId":"6ceab38a-03e5-46ec-8405-9a39ee82fef3"}
{"errorMessage":"Cannot read properties of undefined (reading 'constructor')","errorName":"TypeError","level":"error","message":"Unhandled exception details:","service":"A-CertifyLink","stack":"TypeError: Cannot read properties of undefined (reading 'constructor')\n    at ValidationExecutor.execute (C:\\Users\\a.elong\\Documents\\Genesis\\Career\\Projects\\WebStorm\\A-CertifyLink\\node_modules\\src\\validation\\ValidationExecutor.ts:62:14)\n    at Validator.coreValidate (C:\\Users\\a.elong\\Documents\\Genesis\\Career\\Projects\\WebStorm\\A-CertifyLink\\node_modules\\src\\validation\\Validator.ts:107:14)\n    at Validator.validate (C:\\Users\\a.elong\\Documents\\Genesis\\Career\\Projects\\WebStorm\\A-CertifyLink\\node_modules\\src\\validation\\Validator.ts:32:17)\n    at validate (C:\\Users\\a.elong\\Documents\\Genesis\\Career\\Projects\\WebStorm\\A-CertifyLink\\node_modules\\src\\index.ts:58:40)\n    at <anonymous> (C:\\Users\\a.elong\\Documents\\Genesis\\Career\\Projects\\WebStorm\\A-CertifyLink\\src\\middlewares\\validation.middleware.ts:16:53)\n    at Layer.handle [as handle_request] (C:\\Users\\a.elong\\Documents\\Genesis\\Career\\Projects\\WebStorm\\A-CertifyLink\\node_modules\\express\\lib\\router\\layer.js:95:5)\n    at next (C:\\Users\\a.elong\\Documents\\Genesis\\Career\\Projects\\WebStorm\\A-CertifyLink\\node_modules\\express\\lib\\router\\route.js:149:13)\n    at C:\\Users\\a.elong\\Documents\\Genesis\\Career\\Projects\\WebStorm\\A-CertifyLink\\node_modules\\express-rate-limit\\dist\\index.cjs:822:7\n    at async C:\\Users\\a.elong\\Documents\\Genesis\\Career\\Projects\\WebStorm\\A-CertifyLink\\node_modules\\express-rate-limit\\dist\\index.cjs:704:5","timestamp":"2025-06-26 18:03:26","traceId":"6ceab38a-03e5-46ec-8405-9a39ee82fef3"}
{"level":"error","message":"Validation middleware error: Cannot read properties of undefined (reading 'constructor')","service":"A-CertifyLink","stack":"TypeError: Cannot read properties of undefined (reading 'constructor')\n    at ValidationExecutor.execute (C:\\Users\\a.elong\\Documents\\Genesis\\Career\\Projects\\WebStorm\\A-CertifyLink\\node_modules\\src\\validation\\ValidationExecutor.ts:62:14)\n    at Validator.coreValidate (C:\\Users\\a.elong\\Documents\\Genesis\\Career\\Projects\\WebStorm\\A-CertifyLink\\node_modules\\src\\validation\\Validator.ts:107:14)\n    at Validator.validate (C:\\Users\\a.elong\\Documents\\Genesis\\Career\\Projects\\WebStorm\\A-CertifyLink\\node_modules\\src\\validation\\Validator.ts:32:17)\n    at validate (C:\\Users\\a.elong\\Documents\\Genesis\\Career\\Projects\\WebStorm\\A-CertifyLink\\node_modules\\src\\index.ts:58:40)\n    at <anonymous> (C:\\Users\\a.elong\\Documents\\Genesis\\Career\\Projects\\WebStorm\\A-CertifyLink\\src\\middlewares\\validation.middleware.ts:16:53)\n    at Layer.handle [as handle_request] (C:\\Users\\a.elong\\Documents\\Genesis\\Career\\Projects\\WebStorm\\A-CertifyLink\\node_modules\\express\\lib\\router\\layer.js:95:5)\n    at next (C:\\Users\\a.elong\\Documents\\Genesis\\Career\\Projects\\WebStorm\\A-CertifyLink\\node_modules\\express\\lib\\router\\route.js:149:13)\n    at C:\\Users\\a.elong\\Documents\\Genesis\\Career\\Projects\\WebStorm\\A-CertifyLink\\node_modules\\express-rate-limit\\dist\\index.cjs:822:7\n    at async C:\\Users\\a.elong\\Documents\\Genesis\\Career\\Projects\\WebStorm\\A-CertifyLink\\node_modules\\express-rate-limit\\dist\\index.cjs:704:5","timestamp":"2025-06-26 18:04:02"}
{"error":{"message":"Cannot read properties of undefined (reading 'constructor')","name":"TypeError","stack":"TypeError: Cannot read properties of undefined (reading 'constructor')\n    at ValidationExecutor.execute (C:\\Users\\a.elong\\Documents\\Genesis\\Career\\Projects\\WebStorm\\A-CertifyLink\\node_modules\\src\\validation\\ValidationExecutor.ts:62:14)\n    at Validator.coreValidate (C:\\Users\\a.elong\\Documents\\Genesis\\Career\\Projects\\WebStorm\\A-CertifyLink\\node_modules\\src\\validation\\Validator.ts:107:14)\n    at Validator.validate (C:\\Users\\a.elong\\Documents\\Genesis\\Career\\Projects\\WebStorm\\A-CertifyLink\\node_modules\\src\\validation\\Validator.ts:32:17)\n    at validate (C:\\Users\\a.elong\\Documents\\Genesis\\Career\\Projects\\WebStorm\\A-CertifyLink\\node_modules\\src\\index.ts:58:40)\n    at <anonymous> (C:\\Users\\a.elong\\Documents\\Genesis\\Career\\Projects\\WebStorm\\A-CertifyLink\\src\\middlewares\\validation.middleware.ts:16:53)\n    at Layer.handle [as handle_request] (C:\\Users\\a.elong\\Documents\\Genesis\\Career\\Projects\\WebStorm\\A-CertifyLink\\node_modules\\express\\lib\\router\\layer.js:95:5)\n    at next (C:\\Users\\a.elong\\Documents\\Genesis\\Career\\Projects\\WebStorm\\A-CertifyLink\\node_modules\\express\\lib\\router\\route.js:149:13)\n    at C:\\Users\\a.elong\\Documents\\Genesis\\Career\\Projects\\WebStorm\\A-CertifyLink\\node_modules\\express-rate-limit\\dist\\index.cjs:822:7\n    at async C:\\Users\\a.elong\\Documents\\Genesis\\Career\\Projects\\WebStorm\\A-CertifyLink\\node_modules\\express-rate-limit\\dist\\index.cjs:704:5"},"level":"error","message":"Global exception handler caught error:","request":{"ip":"::1","method":"POST","url":"/api/v1/auth/login","userAgent":"PostmanRuntime/7.44.1"},"service":"A-CertifyLink","timestamp":"2025-06-26 18:04:02","traceId":"a21e13c2-3914-442e-a05b-eece231fcf5b"}
{"errorMessage":"Cannot read properties of undefined (reading 'constructor')","errorName":"TypeError","level":"error","message":"Unhandled exception details:","service":"A-CertifyLink","stack":"TypeError: Cannot read properties of undefined (reading 'constructor')\n    at ValidationExecutor.execute (C:\\Users\\a.elong\\Documents\\Genesis\\Career\\Projects\\WebStorm\\A-CertifyLink\\node_modules\\src\\validation\\ValidationExecutor.ts:62:14)\n    at Validator.coreValidate (C:\\Users\\a.elong\\Documents\\Genesis\\Career\\Projects\\WebStorm\\A-CertifyLink\\node_modules\\src\\validation\\Validator.ts:107:14)\n    at Validator.validate (C:\\Users\\a.elong\\Documents\\Genesis\\Career\\Projects\\WebStorm\\A-CertifyLink\\node_modules\\src\\validation\\Validator.ts:32:17)\n    at validate (C:\\Users\\a.elong\\Documents\\Genesis\\Career\\Projects\\WebStorm\\A-CertifyLink\\node_modules\\src\\index.ts:58:40)\n    at <anonymous> (C:\\Users\\a.elong\\Documents\\Genesis\\Career\\Projects\\WebStorm\\A-CertifyLink\\src\\middlewares\\validation.middleware.ts:16:53)\n    at Layer.handle [as handle_request] (C:\\Users\\a.elong\\Documents\\Genesis\\Career\\Projects\\WebStorm\\A-CertifyLink\\node_modules\\express\\lib\\router\\layer.js:95:5)\n    at next (C:\\Users\\a.elong\\Documents\\Genesis\\Career\\Projects\\WebStorm\\A-CertifyLink\\node_modules\\express\\lib\\router\\route.js:149:13)\n    at C:\\Users\\a.elong\\Documents\\Genesis\\Career\\Projects\\WebStorm\\A-CertifyLink\\node_modules\\express-rate-limit\\dist\\index.cjs:822:7\n    at async C:\\Users\\a.elong\\Documents\\Genesis\\Career\\Projects\\WebStorm\\A-CertifyLink\\node_modules\\express-rate-limit\\dist\\index.cjs:704:5","timestamp":"2025-06-26 18:04:02","traceId":"a21e13c2-3914-442e-a05b-eece231fcf5b"}
{"level":"error","message":"Validation middleware error: Cannot read properties of undefined (reading 'constructor')","service":"A-CertifyLink","stack":"TypeError: Cannot read properties of undefined (reading 'constructor')\n    at ValidationExecutor.execute (C:\\Users\\a.elong\\Documents\\Genesis\\Career\\Projects\\WebStorm\\A-CertifyLink\\node_modules\\src\\validation\\ValidationExecutor.ts:62:14)\n    at Validator.coreValidate (C:\\Users\\a.elong\\Documents\\Genesis\\Career\\Projects\\WebStorm\\A-CertifyLink\\node_modules\\src\\validation\\Validator.ts:107:14)\n    at Validator.validate (C:\\Users\\a.elong\\Documents\\Genesis\\Career\\Projects\\WebStorm\\A-CertifyLink\\node_modules\\src\\validation\\Validator.ts:32:17)\n    at validate (C:\\Users\\a.elong\\Documents\\Genesis\\Career\\Projects\\WebStorm\\A-CertifyLink\\node_modules\\src\\index.ts:58:40)\n    at <anonymous> (C:\\Users\\a.elong\\Documents\\Genesis\\Career\\Projects\\WebStorm\\A-CertifyLink\\src\\middlewares\\validation.middleware.ts:16:53)\n    at Layer.handle [as handle_request] (C:\\Users\\a.elong\\Documents\\Genesis\\Career\\Projects\\WebStorm\\A-CertifyLink\\node_modules\\express\\lib\\router\\layer.js:95:5)\n    at next (C:\\Users\\a.elong\\Documents\\Genesis\\Career\\Projects\\WebStorm\\A-CertifyLink\\node_modules\\express\\lib\\router\\route.js:149:13)\n    at C:\\Users\\a.elong\\Documents\\Genesis\\Career\\Projects\\WebStorm\\A-CertifyLink\\node_modules\\express-rate-limit\\dist\\index.cjs:822:7\n    at async C:\\Users\\a.elong\\Documents\\Genesis\\Career\\Projects\\WebStorm\\A-CertifyLink\\node_modules\\express-rate-limit\\dist\\index.cjs:704:5","timestamp":"2025-06-26 18:04:57"}
{"error":{"message":"Cannot read properties of undefined (reading 'constructor')","name":"TypeError","stack":"TypeError: Cannot read properties of undefined (reading 'constructor')\n    at ValidationExecutor.execute (C:\\Users\\a.elong\\Documents\\Genesis\\Career\\Projects\\WebStorm\\A-CertifyLink\\node_modules\\src\\validation\\ValidationExecutor.ts:62:14)\n    at Validator.coreValidate (C:\\Users\\a.elong\\Documents\\Genesis\\Career\\Projects\\WebStorm\\A-CertifyLink\\node_modules\\src\\validation\\Validator.ts:107:14)\n    at Validator.validate (C:\\Users\\a.elong\\Documents\\Genesis\\Career\\Projects\\WebStorm\\A-CertifyLink\\node_modules\\src\\validation\\Validator.ts:32:17)\n    at validate (C:\\Users\\a.elong\\Documents\\Genesis\\Career\\Projects\\WebStorm\\A-CertifyLink\\node_modules\\src\\index.ts:58:40)\n    at <anonymous> (C:\\Users\\a.elong\\Documents\\Genesis\\Career\\Projects\\WebStorm\\A-CertifyLink\\src\\middlewares\\validation.middleware.ts:16:53)\n    at Layer.handle [as handle_request] (C:\\Users\\a.elong\\Documents\\Genesis\\Career\\Projects\\WebStorm\\A-CertifyLink\\node_modules\\express\\lib\\router\\layer.js:95:5)\n    at next (C:\\Users\\a.elong\\Documents\\Genesis\\Career\\Projects\\WebStorm\\A-CertifyLink\\node_modules\\express\\lib\\router\\route.js:149:13)\n    at C:\\Users\\a.elong\\Documents\\Genesis\\Career\\Projects\\WebStorm\\A-CertifyLink\\node_modules\\express-rate-limit\\dist\\index.cjs:822:7\n    at async C:\\Users\\a.elong\\Documents\\Genesis\\Career\\Projects\\WebStorm\\A-CertifyLink\\node_modules\\express-rate-limit\\dist\\index.cjs:704:5"},"level":"error","message":"Global exception handler caught error:","request":{"ip":"::1","method":"POST","url":"/api/v1/auth/login","userAgent":"PostmanRuntime/7.44.1"},"service":"A-CertifyLink","timestamp":"2025-06-26 18:04:57","traceId":"28d131bd-6cb1-4911-af53-38740cdde3b6"}
{"errorMessage":"Cannot read properties of undefined (reading 'constructor')","errorName":"TypeError","level":"error","message":"Unhandled exception details:","service":"A-CertifyLink","stack":"TypeError: Cannot read properties of undefined (reading 'constructor')\n    at ValidationExecutor.execute (C:\\Users\\a.elong\\Documents\\Genesis\\Career\\Projects\\WebStorm\\A-CertifyLink\\node_modules\\src\\validation\\ValidationExecutor.ts:62:14)\n    at Validator.coreValidate (C:\\Users\\a.elong\\Documents\\Genesis\\Career\\Projects\\WebStorm\\A-CertifyLink\\node_modules\\src\\validation\\Validator.ts:107:14)\n    at Validator.validate (C:\\Users\\a.elong\\Documents\\Genesis\\Career\\Projects\\WebStorm\\A-CertifyLink\\node_modules\\src\\validation\\Validator.ts:32:17)\n    at validate (C:\\Users\\a.elong\\Documents\\Genesis\\Career\\Projects\\WebStorm\\A-CertifyLink\\node_modules\\src\\index.ts:58:40)\n    at <anonymous> (C:\\Users\\a.elong\\Documents\\Genesis\\Career\\Projects\\WebStorm\\A-CertifyLink\\src\\middlewares\\validation.middleware.ts:16:53)\n    at Layer.handle [as handle_request] (C:\\Users\\a.elong\\Documents\\Genesis\\Career\\Projects\\WebStorm\\A-CertifyLink\\node_modules\\express\\lib\\router\\layer.js:95:5)\n    at next (C:\\Users\\a.elong\\Documents\\Genesis\\Career\\Projects\\WebStorm\\A-CertifyLink\\node_modules\\express\\lib\\router\\route.js:149:13)\n    at C:\\Users\\a.elong\\Documents\\Genesis\\Career\\Projects\\WebStorm\\A-CertifyLink\\node_modules\\express-rate-limit\\dist\\index.cjs:822:7\n    at async C:\\Users\\a.elong\\Documents\\Genesis\\Career\\Projects\\WebStorm\\A-CertifyLink\\node_modules\\express-rate-limit\\dist\\index.cjs:704:5","timestamp":"2025-06-26 18:04:57","traceId":"28d131bd-6cb1-4911-af53-38740cdde3b6"}
{"level":"error","message":"Validation middleware error: Cannot read properties of undefined (reading 'constructor')","service":"A-CertifyLink","stack":"TypeError: Cannot read properties of undefined (reading 'constructor')\n    at ValidationExecutor.execute (C:\\Users\\a.elong\\Documents\\Genesis\\Career\\Projects\\WebStorm\\A-CertifyLink\\node_modules\\src\\validation\\ValidationExecutor.ts:62:14)\n    at Validator.coreValidate (C:\\Users\\a.elong\\Documents\\Genesis\\Career\\Projects\\WebStorm\\A-CertifyLink\\node_modules\\src\\validation\\Validator.ts:107:14)\n    at Validator.validate (C:\\Users\\a.elong\\Documents\\Genesis\\Career\\Projects\\WebStorm\\A-CertifyLink\\node_modules\\src\\validation\\Validator.ts:32:17)\n    at validate (C:\\Users\\a.elong\\Documents\\Genesis\\Career\\Projects\\WebStorm\\A-CertifyLink\\node_modules\\src\\index.ts:58:40)\n    at <anonymous> (C:\\Users\\a.elong\\Documents\\Genesis\\Career\\Projects\\WebStorm\\A-CertifyLink\\src\\middlewares\\validation.middleware.ts:16:53)\n    at Layer.handle [as handle_request] (C:\\Users\\a.elong\\Documents\\Genesis\\Career\\Projects\\WebStorm\\A-CertifyLink\\node_modules\\express\\lib\\router\\layer.js:95:5)\n    at next (C:\\Users\\a.elong\\Documents\\Genesis\\Career\\Projects\\WebStorm\\A-CertifyLink\\node_modules\\express\\lib\\router\\route.js:149:13)\n    at C:\\Users\\a.elong\\Documents\\Genesis\\Career\\Projects\\WebStorm\\A-CertifyLink\\node_modules\\express-rate-limit\\dist\\index.cjs:822:7\n    at async C:\\Users\\a.elong\\Documents\\Genesis\\Career\\Projects\\WebStorm\\A-CertifyLink\\node_modules\\express-rate-limit\\dist\\index.cjs:704:5","timestamp":"2025-06-26 18:10:07"}
{"error":{"message":"Cannot read properties of undefined (reading 'constructor')","name":"TypeError","stack":"TypeError: Cannot read properties of undefined (reading 'constructor')\n    at ValidationExecutor.execute (C:\\Users\\a.elong\\Documents\\Genesis\\Career\\Projects\\WebStorm\\A-CertifyLink\\node_modules\\src\\validation\\ValidationExecutor.ts:62:14)\n    at Validator.coreValidate (C:\\Users\\a.elong\\Documents\\Genesis\\Career\\Projects\\WebStorm\\A-CertifyLink\\node_modules\\src\\validation\\Validator.ts:107:14)\n    at Validator.validate (C:\\Users\\a.elong\\Documents\\Genesis\\Career\\Projects\\WebStorm\\A-CertifyLink\\node_modules\\src\\validation\\Validator.ts:32:17)\n    at validate (C:\\Users\\a.elong\\Documents\\Genesis\\Career\\Projects\\WebStorm\\A-CertifyLink\\node_modules\\src\\index.ts:58:40)\n    at <anonymous> (C:\\Users\\a.elong\\Documents\\Genesis\\Career\\Projects\\WebStorm\\A-CertifyLink\\src\\middlewares\\validation.middleware.ts:16:53)\n    at Layer.handle [as handle_request] (C:\\Users\\a.elong\\Documents\\Genesis\\Career\\Projects\\WebStorm\\A-CertifyLink\\node_modules\\express\\lib\\router\\layer.js:95:5)\n    at next (C:\\Users\\a.elong\\Documents\\Genesis\\Career\\Projects\\WebStorm\\A-CertifyLink\\node_modules\\express\\lib\\router\\route.js:149:13)\n    at C:\\Users\\a.elong\\Documents\\Genesis\\Career\\Projects\\WebStorm\\A-CertifyLink\\node_modules\\express-rate-limit\\dist\\index.cjs:822:7\n    at async C:\\Users\\a.elong\\Documents\\Genesis\\Career\\Projects\\WebStorm\\A-CertifyLink\\node_modules\\express-rate-limit\\dist\\index.cjs:704:5"},"level":"error","message":"Global exception handler caught error:","request":{"ip":"::1","method":"POST","url":"/api/v1/auth/login","userAgent":"PostmanRuntime/7.44.1"},"service":"A-CertifyLink","timestamp":"2025-06-26 18:10:07","traceId":"87548ebd-4664-4d16-89a2-26766799c2e0"}
{"errorMessage":"Cannot read properties of undefined (reading 'constructor')","errorName":"TypeError","level":"error","message":"Unhandled exception details:","service":"A-CertifyLink","stack":"TypeError: Cannot read properties of undefined (reading 'constructor')\n    at ValidationExecutor.execute (C:\\Users\\a.elong\\Documents\\Genesis\\Career\\Projects\\WebStorm\\A-CertifyLink\\node_modules\\src\\validation\\ValidationExecutor.ts:62:14)\n    at Validator.coreValidate (C:\\Users\\a.elong\\Documents\\Genesis\\Career\\Projects\\WebStorm\\A-CertifyLink\\node_modules\\src\\validation\\Validator.ts:107:14)\n    at Validator.validate (C:\\Users\\a.elong\\Documents\\Genesis\\Career\\Projects\\WebStorm\\A-CertifyLink\\node_modules\\src\\validation\\Validator.ts:32:17)\n    at validate (C:\\Users\\a.elong\\Documents\\Genesis\\Career\\Projects\\WebStorm\\A-CertifyLink\\node_modules\\src\\index.ts:58:40)\n    at <anonymous> (C:\\Users\\a.elong\\Documents\\Genesis\\Career\\Projects\\WebStorm\\A-CertifyLink\\src\\middlewares\\validation.middleware.ts:16:53)\n    at Layer.handle [as handle_request] (C:\\Users\\a.elong\\Documents\\Genesis\\Career\\Projects\\WebStorm\\A-CertifyLink\\node_modules\\express\\lib\\router\\layer.js:95:5)\n    at next (C:\\Users\\a.elong\\Documents\\Genesis\\Career\\Projects\\WebStorm\\A-CertifyLink\\node_modules\\express\\lib\\router\\route.js:149:13)\n    at C:\\Users\\a.elong\\Documents\\Genesis\\Career\\Projects\\WebStorm\\A-CertifyLink\\node_modules\\express-rate-limit\\dist\\index.cjs:822:7\n    at async C:\\Users\\a.elong\\Documents\\Genesis\\Career\\Projects\\WebStorm\\A-CertifyLink\\node_modules\\express-rate-limit\\dist\\index.cjs:704:5","timestamp":"2025-06-26 18:10:07","traceId":"87548ebd-4664-4d16-89a2-26766799c2e0"}
{"level":"error","message":"Validation middleware error: Cannot read properties of undefined (reading 'constructor')","service":"A-CertifyLink","stack":"TypeError: Cannot read properties of undefined (reading 'constructor')\n    at ValidationExecutor.execute (C:\\Users\\a.elong\\Documents\\Genesis\\Career\\Projects\\WebStorm\\A-CertifyLink\\node_modules\\src\\validation\\ValidationExecutor.ts:62:14)\n    at Validator.coreValidate (C:\\Users\\a.elong\\Documents\\Genesis\\Career\\Projects\\WebStorm\\A-CertifyLink\\node_modules\\src\\validation\\Validator.ts:107:14)\n    at Validator.validate (C:\\Users\\a.elong\\Documents\\Genesis\\Career\\Projects\\WebStorm\\A-CertifyLink\\node_modules\\src\\validation\\Validator.ts:32:17)\n    at validate (C:\\Users\\a.elong\\Documents\\Genesis\\Career\\Projects\\WebStorm\\A-CertifyLink\\node_modules\\src\\index.ts:58:40)\n    at <anonymous> (C:\\Users\\a.elong\\Documents\\Genesis\\Career\\Projects\\WebStorm\\A-CertifyLink\\src\\middlewares\\validation.middleware.ts:16:53)\n    at Layer.handle [as handle_request] (C:\\Users\\a.elong\\Documents\\Genesis\\Career\\Projects\\WebStorm\\A-CertifyLink\\node_modules\\express\\lib\\router\\layer.js:95:5)\n    at next (C:\\Users\\a.elong\\Documents\\Genesis\\Career\\Projects\\WebStorm\\A-CertifyLink\\node_modules\\express\\lib\\router\\route.js:149:13)\n    at C:\\Users\\a.elong\\Documents\\Genesis\\Career\\Projects\\WebStorm\\A-CertifyLink\\node_modules\\express-rate-limit\\dist\\index.cjs:822:7\n    at async C:\\Users\\a.elong\\Documents\\Genesis\\Career\\Projects\\WebStorm\\A-CertifyLink\\node_modules\\express-rate-limit\\dist\\index.cjs:704:5","timestamp":"2025-06-26 18:10:20"}
{"error":{"message":"Cannot read properties of undefined (reading 'constructor')","name":"TypeError","stack":"TypeError: Cannot read properties of undefined (reading 'constructor')\n    at ValidationExecutor.execute (C:\\Users\\a.elong\\Documents\\Genesis\\Career\\Projects\\WebStorm\\A-CertifyLink\\node_modules\\src\\validation\\ValidationExecutor.ts:62:14)\n    at Validator.coreValidate (C:\\Users\\a.elong\\Documents\\Genesis\\Career\\Projects\\WebStorm\\A-CertifyLink\\node_modules\\src\\validation\\Validator.ts:107:14)\n    at Validator.validate (C:\\Users\\a.elong\\Documents\\Genesis\\Career\\Projects\\WebStorm\\A-CertifyLink\\node_modules\\src\\validation\\Validator.ts:32:17)\n    at validate (C:\\Users\\a.elong\\Documents\\Genesis\\Career\\Projects\\WebStorm\\A-CertifyLink\\node_modules\\src\\index.ts:58:40)\n    at <anonymous> (C:\\Users\\a.elong\\Documents\\Genesis\\Career\\Projects\\WebStorm\\A-CertifyLink\\src\\middlewares\\validation.middleware.ts:16:53)\n    at Layer.handle [as handle_request] (C:\\Users\\a.elong\\Documents\\Genesis\\Career\\Projects\\WebStorm\\A-CertifyLink\\node_modules\\express\\lib\\router\\layer.js:95:5)\n    at next (C:\\Users\\a.elong\\Documents\\Genesis\\Career\\Projects\\WebStorm\\A-CertifyLink\\node_modules\\express\\lib\\router\\route.js:149:13)\n    at C:\\Users\\a.elong\\Documents\\Genesis\\Career\\Projects\\WebStorm\\A-CertifyLink\\node_modules\\express-rate-limit\\dist\\index.cjs:822:7\n    at async C:\\Users\\a.elong\\Documents\\Genesis\\Career\\Projects\\WebStorm\\A-CertifyLink\\node_modules\\express-rate-limit\\dist\\index.cjs:704:5"},"level":"error","message":"Global exception handler caught error:","request":{"ip":"::1","method":"POST","url":"/api/v1/auth/login","userAgent":"PostmanRuntime/7.44.1"},"service":"A-CertifyLink","timestamp":"2025-06-26 18:10:20","traceId":"78d2f8bc-1041-4e68-a316-fec3a151a653"}
{"errorMessage":"Cannot read properties of undefined (reading 'constructor')","errorName":"TypeError","level":"error","message":"Unhandled exception details:","service":"A-CertifyLink","stack":"TypeError: Cannot read properties of undefined (reading 'constructor')\n    at ValidationExecutor.execute (C:\\Users\\a.elong\\Documents\\Genesis\\Career\\Projects\\WebStorm\\A-CertifyLink\\node_modules\\src\\validation\\ValidationExecutor.ts:62:14)\n    at Validator.coreValidate (C:\\Users\\a.elong\\Documents\\Genesis\\Career\\Projects\\WebStorm\\A-CertifyLink\\node_modules\\src\\validation\\Validator.ts:107:14)\n    at Validator.validate (C:\\Users\\a.elong\\Documents\\Genesis\\Career\\Projects\\WebStorm\\A-CertifyLink\\node_modules\\src\\validation\\Validator.ts:32:17)\n    at validate (C:\\Users\\a.elong\\Documents\\Genesis\\Career\\Projects\\WebStorm\\A-CertifyLink\\node_modules\\src\\index.ts:58:40)\n    at <anonymous> (C:\\Users\\a.elong\\Documents\\Genesis\\Career\\Projects\\WebStorm\\A-CertifyLink\\src\\middlewares\\validation.middleware.ts:16:53)\n    at Layer.handle [as handle_request] (C:\\Users\\a.elong\\Documents\\Genesis\\Career\\Projects\\WebStorm\\A-CertifyLink\\node_modules\\express\\lib\\router\\layer.js:95:5)\n    at next (C:\\Users\\a.elong\\Documents\\Genesis\\Career\\Projects\\WebStorm\\A-CertifyLink\\node_modules\\express\\lib\\router\\route.js:149:13)\n    at C:\\Users\\a.elong\\Documents\\Genesis\\Career\\Projects\\WebStorm\\A-CertifyLink\\node_modules\\express-rate-limit\\dist\\index.cjs:822:7\n    at async C:\\Users\\a.elong\\Documents\\Genesis\\Career\\Projects\\WebStorm\\A-CertifyLink\\node_modules\\express-rate-limit\\dist\\index.cjs:704:5","timestamp":"2025-06-26 18:10:20","traceId":"78d2f8bc-1041-4e68-a316-fec3a151a653"}
{"level":"error","message":"Validation middleware error: Cannot read properties of undefined (reading 'constructor')","service":"A-CertifyLink","stack":"TypeError: Cannot read properties of undefined (reading 'constructor')\n    at ValidationExecutor.execute (C:\\Users\\a.elong\\Documents\\Genesis\\Career\\Projects\\WebStorm\\A-CertifyLink\\node_modules\\src\\validation\\ValidationExecutor.ts:62:14)\n    at Validator.coreValidate (C:\\Users\\a.elong\\Documents\\Genesis\\Career\\Projects\\WebStorm\\A-CertifyLink\\node_modules\\src\\validation\\Validator.ts:107:14)\n    at Validator.validate (C:\\Users\\a.elong\\Documents\\Genesis\\Career\\Projects\\WebStorm\\A-CertifyLink\\node_modules\\src\\validation\\Validator.ts:32:17)\n    at validate (C:\\Users\\a.elong\\Documents\\Genesis\\Career\\Projects\\WebStorm\\A-CertifyLink\\node_modules\\src\\index.ts:58:40)\n    at <anonymous> (C:\\Users\\a.elong\\Documents\\Genesis\\Career\\Projects\\WebStorm\\A-CertifyLink\\src\\middlewares\\validation.middleware.ts:16:53)\n    at Layer.handle [as handle_request] (C:\\Users\\a.elong\\Documents\\Genesis\\Career\\Projects\\WebStorm\\A-CertifyLink\\node_modules\\express\\lib\\router\\layer.js:95:5)\n    at next (C:\\Users\\a.elong\\Documents\\Genesis\\Career\\Projects\\WebStorm\\A-CertifyLink\\node_modules\\express\\lib\\router\\route.js:149:13)\n    at C:\\Users\\a.elong\\Documents\\Genesis\\Career\\Projects\\WebStorm\\A-CertifyLink\\node_modules\\express-rate-limit\\dist\\index.cjs:822:7\n    at async C:\\Users\\a.elong\\Documents\\Genesis\\Career\\Projects\\WebStorm\\A-CertifyLink\\node_modules\\express-rate-limit\\dist\\index.cjs:704:5","timestamp":"2025-06-26 18:11:17"}
{"error":{"message":"Cannot read properties of undefined (reading 'constructor')","name":"TypeError","stack":"TypeError: Cannot read properties of undefined (reading 'constructor')\n    at ValidationExecutor.execute (C:\\Users\\a.elong\\Documents\\Genesis\\Career\\Projects\\WebStorm\\A-CertifyLink\\node_modules\\src\\validation\\ValidationExecutor.ts:62:14)\n    at Validator.coreValidate (C:\\Users\\a.elong\\Documents\\Genesis\\Career\\Projects\\WebStorm\\A-CertifyLink\\node_modules\\src\\validation\\Validator.ts:107:14)\n    at Validator.validate (C:\\Users\\a.elong\\Documents\\Genesis\\Career\\Projects\\WebStorm\\A-CertifyLink\\node_modules\\src\\validation\\Validator.ts:32:17)\n    at validate (C:\\Users\\a.elong\\Documents\\Genesis\\Career\\Projects\\WebStorm\\A-CertifyLink\\node_modules\\src\\index.ts:58:40)\n    at <anonymous> (C:\\Users\\a.elong\\Documents\\Genesis\\Career\\Projects\\WebStorm\\A-CertifyLink\\src\\middlewares\\validation.middleware.ts:16:53)\n    at Layer.handle [as handle_request] (C:\\Users\\a.elong\\Documents\\Genesis\\Career\\Projects\\WebStorm\\A-CertifyLink\\node_modules\\express\\lib\\router\\layer.js:95:5)\n    at next (C:\\Users\\a.elong\\Documents\\Genesis\\Career\\Projects\\WebStorm\\A-CertifyLink\\node_modules\\express\\lib\\router\\route.js:149:13)\n    at C:\\Users\\a.elong\\Documents\\Genesis\\Career\\Projects\\WebStorm\\A-CertifyLink\\node_modules\\express-rate-limit\\dist\\index.cjs:822:7\n    at async C:\\Users\\a.elong\\Documents\\Genesis\\Career\\Projects\\WebStorm\\A-CertifyLink\\node_modules\\express-rate-limit\\dist\\index.cjs:704:5"},"level":"error","message":"Global exception handler caught error:","request":{"ip":"::1","method":"POST","url":"/api/v1/auth/login","userAgent":"PostmanRuntime/7.44.1"},"service":"A-CertifyLink","timestamp":"2025-06-26 18:11:17","traceId":"b9e79371-3909-40f3-a6e0-e48fc56ad269"}
{"errorMessage":"Cannot read properties of undefined (reading 'constructor')","errorName":"TypeError","level":"error","message":"Unhandled exception details:","service":"A-CertifyLink","stack":"TypeError: Cannot read properties of undefined (reading 'constructor')\n    at ValidationExecutor.execute (C:\\Users\\a.elong\\Documents\\Genesis\\Career\\Projects\\WebStorm\\A-CertifyLink\\node_modules\\src\\validation\\ValidationExecutor.ts:62:14)\n    at Validator.coreValidate (C:\\Users\\a.elong\\Documents\\Genesis\\Career\\Projects\\WebStorm\\A-CertifyLink\\node_modules\\src\\validation\\Validator.ts:107:14)\n    at Validator.validate (C:\\Users\\a.elong\\Documents\\Genesis\\Career\\Projects\\WebStorm\\A-CertifyLink\\node_modules\\src\\validation\\Validator.ts:32:17)\n    at validate (C:\\Users\\a.elong\\Documents\\Genesis\\Career\\Projects\\WebStorm\\A-CertifyLink\\node_modules\\src\\index.ts:58:40)\n    at <anonymous> (C:\\Users\\a.elong\\Documents\\Genesis\\Career\\Projects\\WebStorm\\A-CertifyLink\\src\\middlewares\\validation.middleware.ts:16:53)\n    at Layer.handle [as handle_request] (C:\\Users\\a.elong\\Documents\\Genesis\\Career\\Projects\\WebStorm\\A-CertifyLink\\node_modules\\express\\lib\\router\\layer.js:95:5)\n    at next (C:\\Users\\a.elong\\Documents\\Genesis\\Career\\Projects\\WebStorm\\A-CertifyLink\\node_modules\\express\\lib\\router\\route.js:149:13)\n    at C:\\Users\\a.elong\\Documents\\Genesis\\Career\\Projects\\WebStorm\\A-CertifyLink\\node_modules\\express-rate-limit\\dist\\index.cjs:822:7\n    at async C:\\Users\\a.elong\\Documents\\Genesis\\Career\\Projects\\WebStorm\\A-CertifyLink\\node_modules\\express-rate-limit\\dist\\index.cjs:704:5","timestamp":"2025-06-26 18:11:17","traceId":"b9e79371-3909-40f3-a6e0-e48fc56ad269"}
{"level":"error","message":"Validation middleware error: Cannot read properties of undefined (reading 'constructor')","service":"A-CertifyLink","stack":"TypeError: Cannot read properties of undefined (reading 'constructor')\n    at ValidationExecutor.execute (C:\\Users\\a.elong\\Documents\\Genesis\\Career\\Projects\\WebStorm\\A-CertifyLink\\node_modules\\src\\validation\\ValidationExecutor.ts:62:14)\n    at Validator.coreValidate (C:\\Users\\a.elong\\Documents\\Genesis\\Career\\Projects\\WebStorm\\A-CertifyLink\\node_modules\\src\\validation\\Validator.ts:107:14)\n    at Validator.validate (C:\\Users\\a.elong\\Documents\\Genesis\\Career\\Projects\\WebStorm\\A-CertifyLink\\node_modules\\src\\validation\\Validator.ts:32:17)\n    at validate (C:\\Users\\a.elong\\Documents\\Genesis\\Career\\Projects\\WebStorm\\A-CertifyLink\\node_modules\\src\\index.ts:58:40)\n    at <anonymous> (C:\\Users\\a.elong\\Documents\\Genesis\\Career\\Projects\\WebStorm\\A-CertifyLink\\src\\middlewares\\validation.middleware.ts:16:53)\n    at Layer.handle [as handle_request] (C:\\Users\\a.elong\\Documents\\Genesis\\Career\\Projects\\WebStorm\\A-CertifyLink\\node_modules\\express\\lib\\router\\layer.js:95:5)\n    at next (C:\\Users\\a.elong\\Documents\\Genesis\\Career\\Projects\\WebStorm\\A-CertifyLink\\node_modules\\express\\lib\\router\\route.js:149:13)\n    at C:\\Users\\a.elong\\Documents\\Genesis\\Career\\Projects\\WebStorm\\A-CertifyLink\\node_modules\\express-rate-limit\\dist\\index.cjs:822:7\n    at async C:\\Users\\a.elong\\Documents\\Genesis\\Career\\Projects\\WebStorm\\A-CertifyLink\\node_modules\\express-rate-limit\\dist\\index.cjs:704:5","timestamp":"2025-06-26 18:11:21"}
{"error":{"message":"Cannot read properties of undefined (reading 'constructor')","name":"TypeError","stack":"TypeError: Cannot read properties of undefined (reading 'constructor')\n    at ValidationExecutor.execute (C:\\Users\\a.elong\\Documents\\Genesis\\Career\\Projects\\WebStorm\\A-CertifyLink\\node_modules\\src\\validation\\ValidationExecutor.ts:62:14)\n    at Validator.coreValidate (C:\\Users\\a.elong\\Documents\\Genesis\\Career\\Projects\\WebStorm\\A-CertifyLink\\node_modules\\src\\validation\\Validator.ts:107:14)\n    at Validator.validate (C:\\Users\\a.elong\\Documents\\Genesis\\Career\\Projects\\WebStorm\\A-CertifyLink\\node_modules\\src\\validation\\Validator.ts:32:17)\n    at validate (C:\\Users\\a.elong\\Documents\\Genesis\\Career\\Projects\\WebStorm\\A-CertifyLink\\node_modules\\src\\index.ts:58:40)\n    at <anonymous> (C:\\Users\\a.elong\\Documents\\Genesis\\Career\\Projects\\WebStorm\\A-CertifyLink\\src\\middlewares\\validation.middleware.ts:16:53)\n    at Layer.handle [as handle_request] (C:\\Users\\a.elong\\Documents\\Genesis\\Career\\Projects\\WebStorm\\A-CertifyLink\\node_modules\\express\\lib\\router\\layer.js:95:5)\n    at next (C:\\Users\\a.elong\\Documents\\Genesis\\Career\\Projects\\WebStorm\\A-CertifyLink\\node_modules\\express\\lib\\router\\route.js:149:13)\n    at C:\\Users\\a.elong\\Documents\\Genesis\\Career\\Projects\\WebStorm\\A-CertifyLink\\node_modules\\express-rate-limit\\dist\\index.cjs:822:7\n    at async C:\\Users\\a.elong\\Documents\\Genesis\\Career\\Projects\\WebStorm\\A-CertifyLink\\node_modules\\express-rate-limit\\dist\\index.cjs:704:5"},"level":"error","message":"Global exception handler caught error:","request":{"ip":"::1","method":"POST","url":"/api/v1/auth/login","userAgent":"PostmanRuntime/7.44.1"},"service":"A-CertifyLink","timestamp":"2025-06-26 18:11:21","traceId":"df38eb9c-2251-46d0-881f-0b76d5ad3ae2"}
{"errorMessage":"Cannot read properties of undefined (reading 'constructor')","errorName":"TypeError","level":"error","message":"Unhandled exception details:","service":"A-CertifyLink","stack":"TypeError: Cannot read properties of undefined (reading 'constructor')\n    at ValidationExecutor.execute (C:\\Users\\a.elong\\Documents\\Genesis\\Career\\Projects\\WebStorm\\A-CertifyLink\\node_modules\\src\\validation\\ValidationExecutor.ts:62:14)\n    at Validator.coreValidate (C:\\Users\\a.elong\\Documents\\Genesis\\Career\\Projects\\WebStorm\\A-CertifyLink\\node_modules\\src\\validation\\Validator.ts:107:14)\n    at Validator.validate (C:\\Users\\a.elong\\Documents\\Genesis\\Career\\Projects\\WebStorm\\A-CertifyLink\\node_modules\\src\\validation\\Validator.ts:32:17)\n    at validate (C:\\Users\\a.elong\\Documents\\Genesis\\Career\\Projects\\WebStorm\\A-CertifyLink\\node_modules\\src\\index.ts:58:40)\n    at <anonymous> (C:\\Users\\a.elong\\Documents\\Genesis\\Career\\Projects\\WebStorm\\A-CertifyLink\\src\\middlewares\\validation.middleware.ts:16:53)\n    at Layer.handle [as handle_request] (C:\\Users\\a.elong\\Documents\\Genesis\\Career\\Projects\\WebStorm\\A-CertifyLink\\node_modules\\express\\lib\\router\\layer.js:95:5)\n    at next (C:\\Users\\a.elong\\Documents\\Genesis\\Career\\Projects\\WebStorm\\A-CertifyLink\\node_modules\\express\\lib\\router\\route.js:149:13)\n    at C:\\Users\\a.elong\\Documents\\Genesis\\Career\\Projects\\WebStorm\\A-CertifyLink\\node_modules\\express-rate-limit\\dist\\index.cjs:822:7\n    at async C:\\Users\\a.elong\\Documents\\Genesis\\Career\\Projects\\WebStorm\\A-CertifyLink\\node_modules\\express-rate-limit\\dist\\index.cjs:704:5","timestamp":"2025-06-26 18:11:21","traceId":"df38eb9c-2251-46d0-881f-0b76d5ad3ae2"}
{"level":"error","message":"Validation middleware error: Cannot read properties of undefined (reading 'constructor')","service":"A-CertifyLink","stack":"TypeError: Cannot read properties of undefined (reading 'constructor')\n    at ValidationExecutor.execute (C:\\Users\\a.elong\\Documents\\Genesis\\Career\\Projects\\WebStorm\\A-CertifyLink\\node_modules\\src\\validation\\ValidationExecutor.ts:62:14)\n    at Validator.coreValidate (C:\\Users\\a.elong\\Documents\\Genesis\\Career\\Projects\\WebStorm\\A-CertifyLink\\node_modules\\src\\validation\\Validator.ts:107:14)\n    at Validator.validate (C:\\Users\\a.elong\\Documents\\Genesis\\Career\\Projects\\WebStorm\\A-CertifyLink\\node_modules\\src\\validation\\Validator.ts:32:17)\n    at validate (C:\\Users\\a.elong\\Documents\\Genesis\\Career\\Projects\\WebStorm\\A-CertifyLink\\node_modules\\src\\index.ts:58:40)\n    at <anonymous> (C:\\Users\\a.elong\\Documents\\Genesis\\Career\\Projects\\WebStorm\\A-CertifyLink\\src\\middlewares\\validation.middleware.ts:16:53)\n    at Layer.handle [as handle_request] (C:\\Users\\a.elong\\Documents\\Genesis\\Career\\Projects\\WebStorm\\A-CertifyLink\\node_modules\\express\\lib\\router\\layer.js:95:5)\n    at next (C:\\Users\\a.elong\\Documents\\Genesis\\Career\\Projects\\WebStorm\\A-CertifyLink\\node_modules\\express\\lib\\router\\route.js:149:13)\n    at C:\\Users\\a.elong\\Documents\\Genesis\\Career\\Projects\\WebStorm\\A-CertifyLink\\node_modules\\express-rate-limit\\dist\\index.cjs:822:7\n    at async C:\\Users\\a.elong\\Documents\\Genesis\\Career\\Projects\\WebStorm\\A-CertifyLink\\node_modules\\express-rate-limit\\dist\\index.cjs:704:5","timestamp":"2025-06-26 18:11:29"}
{"error":{"message":"Cannot read properties of undefined (reading 'constructor')","name":"TypeError","stack":"TypeError: Cannot read properties of undefined (reading 'constructor')\n    at ValidationExecutor.execute (C:\\Users\\a.elong\\Documents\\Genesis\\Career\\Projects\\WebStorm\\A-CertifyLink\\node_modules\\src\\validation\\ValidationExecutor.ts:62:14)\n    at Validator.coreValidate (C:\\Users\\a.elong\\Documents\\Genesis\\Career\\Projects\\WebStorm\\A-CertifyLink\\node_modules\\src\\validation\\Validator.ts:107:14)\n    at Validator.validate (C:\\Users\\a.elong\\Documents\\Genesis\\Career\\Projects\\WebStorm\\A-CertifyLink\\node_modules\\src\\validation\\Validator.ts:32:17)\n    at validate (C:\\Users\\a.elong\\Documents\\Genesis\\Career\\Projects\\WebStorm\\A-CertifyLink\\node_modules\\src\\index.ts:58:40)\n    at <anonymous> (C:\\Users\\a.elong\\Documents\\Genesis\\Career\\Projects\\WebStorm\\A-CertifyLink\\src\\middlewares\\validation.middleware.ts:16:53)\n    at Layer.handle [as handle_request] (C:\\Users\\a.elong\\Documents\\Genesis\\Career\\Projects\\WebStorm\\A-CertifyLink\\node_modules\\express\\lib\\router\\layer.js:95:5)\n    at next (C:\\Users\\a.elong\\Documents\\Genesis\\Career\\Projects\\WebStorm\\A-CertifyLink\\node_modules\\express\\lib\\router\\route.js:149:13)\n    at C:\\Users\\a.elong\\Documents\\Genesis\\Career\\Projects\\WebStorm\\A-CertifyLink\\node_modules\\express-rate-limit\\dist\\index.cjs:822:7\n    at async C:\\Users\\a.elong\\Documents\\Genesis\\Career\\Projects\\WebStorm\\A-CertifyLink\\node_modules\\express-rate-limit\\dist\\index.cjs:704:5"},"level":"error","message":"Global exception handler caught error:","request":{"ip":"::1","method":"POST","url":"/api/v1/auth/login","userAgent":"PostmanRuntime/7.44.1"},"service":"A-CertifyLink","timestamp":"2025-06-26 18:11:29","traceId":"96c5a8c0-56fb-430d-a3c2-eb5589ce377e"}
{"errorMessage":"Cannot read properties of undefined (reading 'constructor')","errorName":"TypeError","level":"error","message":"Unhandled exception details:","service":"A-CertifyLink","stack":"TypeError: Cannot read properties of undefined (reading 'constructor')\n    at ValidationExecutor.execute (C:\\Users\\a.elong\\Documents\\Genesis\\Career\\Projects\\WebStorm\\A-CertifyLink\\node_modules\\src\\validation\\ValidationExecutor.ts:62:14)\n    at Validator.coreValidate (C:\\Users\\a.elong\\Documents\\Genesis\\Career\\Projects\\WebStorm\\A-CertifyLink\\node_modules\\src\\validation\\Validator.ts:107:14)\n    at Validator.validate (C:\\Users\\a.elong\\Documents\\Genesis\\Career\\Projects\\WebStorm\\A-CertifyLink\\node_modules\\src\\validation\\Validator.ts:32:17)\n    at validate (C:\\Users\\a.elong\\Documents\\Genesis\\Career\\Projects\\WebStorm\\A-CertifyLink\\node_modules\\src\\index.ts:58:40)\n    at <anonymous> (C:\\Users\\a.elong\\Documents\\Genesis\\Career\\Projects\\WebStorm\\A-CertifyLink\\src\\middlewares\\validation.middleware.ts:16:53)\n    at Layer.handle [as handle_request] (C:\\Users\\a.elong\\Documents\\Genesis\\Career\\Projects\\WebStorm\\A-CertifyLink\\node_modules\\express\\lib\\router\\layer.js:95:5)\n    at next (C:\\Users\\a.elong\\Documents\\Genesis\\Career\\Projects\\WebStorm\\A-CertifyLink\\node_modules\\express\\lib\\router\\route.js:149:13)\n    at C:\\Users\\a.elong\\Documents\\Genesis\\Career\\Projects\\WebStorm\\A-CertifyLink\\node_modules\\express-rate-limit\\dist\\index.cjs:822:7\n    at async C:\\Users\\a.elong\\Documents\\Genesis\\Career\\Projects\\WebStorm\\A-CertifyLink\\node_modules\\express-rate-limit\\dist\\index.cjs:704:5","timestamp":"2025-06-26 18:11:29","traceId":"96c5a8c0-56fb-430d-a3c2-eb5589ce377e"}
{"error":{"message":"Invalid email or password","name":"ValidationException","stack":"ValidationException: Invalid email or password\n    at AuthenticationService.login (C:\\Users\\a.elong\\Documents\\Genesis\\Career\\Projects\\WebStorm\\A-CertifyLink\\src\\services\\authentication.service.ts:95:19)\n    at process.processTicksAndRejections (node:internal/process/task_queues:95:5)\n    at AuthenticationController.login (C:\\Users\\a.elong\\Documents\\Genesis\\Career\\Projects\\WebStorm\\A-CertifyLink\\src\\controllers\\authentication.controller.ts:17:24)"},"level":"error","message":"Global exception handler caught error:","request":{"ip":"::1","method":"POST","url":"/api/v1/auth/login","userAgent":"PostmanRuntime/7.44.1"},"service":"A-CertifyLink","timestamp":"2025-06-26 18:13:27","traceId":"dcb50e87-ae94-42ca-b2cc-0c20da0d4568"}
{"error":{"message":"Invalid email or password","name":"ValidationException","stack":"ValidationException: Invalid email or password\n    at AuthenticationService.login (C:\\Users\\a.elong\\Documents\\Genesis\\Career\\Projects\\WebStorm\\A-CertifyLink\\src\\services\\authentication.service.ts:95:19)\n    at process.processTicksAndRejections (node:internal/process/task_queues:95:5)\n    at AuthenticationController.login (C:\\Users\\a.elong\\Documents\\Genesis\\Career\\Projects\\WebStorm\\A-CertifyLink\\src\\controllers\\authentication.controller.ts:17:24)"},"level":"error","message":"Global exception handler caught error:","request":{"ip":"::1","method":"POST","url":"/api/v1/auth/login","userAgent":"PostmanRuntime/7.44.1"},"service":"A-CertifyLink","timestamp":"2025-06-26 18:13:32","traceId":"60fc4fc8-a420-4d58-90ab-f753acbee585"}
{"error":{"message":"Validation Error","name":"ValidationException","stack":"ValidationException: Validation Error\n    at <anonymous> (C:\\Users\\a.elong\\Documents\\Genesis\\Career\\Projects\\WebStorm\\A-CertifyLink\\src\\middlewares\\validation.middleware.ts:33:45)\n    at process.processTicksAndRejections (node:internal/process/task_queues:95:5)"},"level":"error","message":"Global exception handler caught error:","request":{"ip":"::1","method":"POST","url":"/api/v1/auth/login","userAgent":"PostmanRuntime/7.44.1"},"service":"A-CertifyLink","timestamp":"2025-06-26 18:14:36","traceId":"9df201a1-00bf-45f7-b484-4ae721a939f4"}
{"error":{"message":"Validation Error","name":"ValidationException","stack":"ValidationException: Validation Error\n    at <anonymous> (C:\\Users\\a.elong\\Documents\\Genesis\\Career\\Projects\\WebStorm\\A-CertifyLink\\src\\middlewares\\validation.middleware.ts:33:45)\n    at process.processTicksAndRejections (node:internal/process/task_queues:95:5)"},"level":"error","message":"Global exception handler caught error:","request":{"ip":"::1","method":"POST","url":"/api/v1/auth/login","userAgent":"PostmanRuntime/7.44.1"},"service":"A-CertifyLink","timestamp":"2025-06-26 18:16:34","traceId":"5307bd1c-f35e-40d7-8d79-6a1fce0ae33c"}
{"error":{"message":"Validation Error","name":"ValidationException","stack":"ValidationException: Validation Error\n    at <anonymous> (C:\\Users\\a.elong\\Documents\\Genesis\\Career\\Projects\\WebStorm\\A-CertifyLink\\src\\middlewares\\validation.middleware.ts:33:45)\n    at process.processTicksAndRejections (node:internal/process/task_queues:95:5)"},"level":"error","message":"Global exception handler caught error:","request":{"ip":"::1","method":"POST","url":"/api/v1/auth/login","userAgent":"PostmanRuntime/7.44.1"},"service":"A-CertifyLink","timestamp":"2025-06-26 18:20:04","traceId":"a06f33a3-152f-457b-bc00-d2db4d2a5a94"}
{"error":{"message":"Invalid email or password","name":"ValidationException","stack":"ValidationException: Invalid email or password\n    at AuthenticationService.login (C:\\Users\\a.elong\\Documents\\Genesis\\Career\\Projects\\WebStorm\\A-CertifyLink\\src\\services\\authentication.service.ts:95:19)\n    at process.processTicksAndRejections (node:internal/process/task_queues:95:5)\n    at AuthenticationController.login (C:\\Users\\a.elong\\Documents\\Genesis\\Career\\Projects\\WebStorm\\A-CertifyLink\\src\\controllers\\authentication.controller.ts:16:24)"},"level":"error","message":"Global exception handler caught error:","request":{"ip":"::1","method":"POST","url":"/api/v1/auth/login","userAgent":"PostmanRuntime/7.44.1"},"service":"A-CertifyLink","timestamp":"2025-06-26 18:20:21","traceId":"6f2e0bc2-5d74-4a3b-9228-7582890d774d"}
{"error":{"message":"Invalid email or password","name":"ValidationException","stack":"ValidationException: Invalid email or password\n    at AuthenticationService.login (C:\\Users\\a.elong\\Documents\\Genesis\\Career\\Projects\\WebStorm\\A-CertifyLink\\src\\services\\authentication.service.ts:95:19)\n    at process.processTicksAndRejections (node:internal/process/task_queues:95:5)\n    at AuthenticationController.login (C:\\Users\\a.elong\\Documents\\Genesis\\Career\\Projects\\WebStorm\\A-CertifyLink\\src\\controllers\\authentication.controller.ts:16:24)"},"level":"error","message":"Global exception handler caught error:","request":{"ip":"::1","method":"POST","url":"/api/v1/auth/login","userAgent":"PostmanRuntime/7.44.1"},"service":"A-CertifyLink","timestamp":"2025-06-26 18:21:17","traceId":"3268d689-7777-4808-94d6-0c9b7182a4c6"}
{"error":{"message":"Invalid email or password","name":"ValidationException","stack":"ValidationException: Invalid email or password\n    at AuthenticationService.login (C:\\Users\\a.elong\\Documents\\Genesis\\Career\\Projects\\WebStorm\\A-CertifyLink\\src\\services\\authentication.service.ts:95:19)\n    at process.processTicksAndRejections (node:internal/process/task_queues:95:5)\n    at AuthenticationController.login (C:\\Users\\a.elong\\Documents\\Genesis\\Career\\Projects\\WebStorm\\A-CertifyLink\\src\\controllers\\authentication.controller.ts:16:24)"},"level":"error","message":"Global exception handler caught error:","request":{"ip":"::1","method":"POST","url":"/api/v1/auth/login","userAgent":"PostmanRuntime/7.44.1"},"service":"A-CertifyLink","timestamp":"2025-06-26 18:22:07","traceId":"f0bc707a-3fe3-4640-b6f9-1cf2fe72d9e2"}
{"error":{"message":"Account is temporarily locked due to too many failed login attempts. Please try again later.","name":"BaseException","stack":"BaseException: Account is temporarily locked due to too many failed login attempts. Please try again later.\n    at AuthenticationService.login (C:\\Users\\a.elong\\Documents\\Genesis\\Career\\Projects\\WebStorm\\A-CertifyLink\\src\\services\\authentication.service.ts:84:19)\n    at process.processTicksAndRejections (node:internal/process/task_queues:95:5)\n    at AuthenticationController.login (C:\\Users\\a.elong\\Documents\\Genesis\\Career\\Projects\\WebStorm\\A-CertifyLink\\src\\controllers\\authentication.controller.ts:16:24)"},"level":"error","message":"Global exception handler caught error:","request":{"ip":"::1","method":"POST","url":"/api/v1/auth/login","userAgent":"PostmanRuntime/7.44.1"},"service":"A-CertifyLink","timestamp":"2025-06-26 18:26:17","traceId":"60b642b9-6c0b-440d-92c5-291b75de026b"}
{"error":{"message":"Account is temporarily locked due to too many failed login attempts. Please try again later.","name":"BaseException","stack":"BaseException: Account is temporarily locked due to too many failed login attempts. Please try again later.\n    at AuthenticationService.login (C:\\Users\\a.elong\\Documents\\Genesis\\Career\\Projects\\WebStorm\\A-CertifyLink\\src\\services\\authentication.service.ts:84:19)\n    at process.processTicksAndRejections (node:internal/process/task_queues:95:5)\n    at AuthenticationController.login (C:\\Users\\a.elong\\Documents\\Genesis\\Career\\Projects\\WebStorm\\A-CertifyLink\\src\\controllers\\authentication.controller.ts:16:24)"},"level":"error","message":"Global exception handler caught error:","request":{"ip":"::1","method":"POST","url":"/api/v1/auth/login","userAgent":"PostmanRuntime/7.44.1"},"service":"A-CertifyLink","timestamp":"2025-06-26 18:28:03","traceId":"79cd1352-4358-479e-a629-cdb3fe2d2056"}
{"error":{"message":"Invalid email or password","name":"ValidationException","stack":"ValidationException: Invalid email or password\n    at AuthenticationService.login (C:\\Users\\a.elong\\Documents\\Genesis\\Career\\Projects\\WebStorm\\A-CertifyLink\\src\\services\\authentication.service.ts:95:19)\n    at process.processTicksAndRejections (node:internal/process/task_queues:95:5)\n    at AuthenticationController.login (C:\\Users\\a.elong\\Documents\\Genesis\\Career\\Projects\\WebStorm\\A-CertifyLink\\src\\controllers\\authentication.controller.ts:16:24)"},"level":"error","message":"Global exception handler caught error:","request":{"ip":"::1","method":"POST","url":"/api/v1/auth/login","userAgent":"PostmanRuntime/7.44.1"},"service":"A-CertifyLink","timestamp":"2025-06-26 18:28:44","traceId":"07f98776-eae4-4cd7-be73-654684e68a82"}
{"error":{"message":"Account is temporarily locked due to too many failed login attempts. Please try again later.","name":"BaseException","stack":"BaseException: Account is temporarily locked due to too many failed login attempts. Please try again later.\n    at AuthenticationService.login (C:\\Users\\a.elong\\Documents\\Genesis\\Career\\Projects\\WebStorm\\A-CertifyLink\\src\\services\\authentication.service.ts:84:19)\n    at process.processTicksAndRejections (node:internal/process/task_queues:95:5)\n    at AuthenticationController.login (C:\\Users\\a.elong\\Documents\\Genesis\\Career\\Projects\\WebStorm\\A-CertifyLink\\src\\controllers\\authentication.controller.ts:16:24)"},"level":"error","message":"Global exception handler caught error:","request":{"ip":"::1","method":"POST","url":"/api/v1/auth/login","userAgent":"PostmanRuntime/7.44.1"},"service":"A-CertifyLink","timestamp":"2025-06-26 18:48:02","traceId":"7cc9a235-57be-453a-a46c-c1353527a927"}
{"error":{"message":"Invalid email or password","name":"ValidationException","stack":"ValidationException: Invalid email or password\n    at AuthenticationService.login (C:\\Users\\a.elong\\Documents\\Genesis\\Career\\Projects\\WebStorm\\A-CertifyLink\\src\\services\\authentication.service.ts:95:19)\n    at process.processTicksAndRejections (node:internal/process/task_queues:95:5)\n    at AuthenticationController.login (C:\\Users\\a.elong\\Documents\\Genesis\\Career\\Projects\\WebStorm\\A-CertifyLink\\src\\controllers\\authentication.controller.ts:16:24)"},"level":"error","message":"Global exception handler caught error:","request":{"ip":"::1","method":"POST","url":"/api/v1/auth/login","userAgent":"PostmanRuntime/7.44.1"},"service":"A-CertifyLink","timestamp":"2025-06-26 18:59:50","traceId":"17724029-868e-40f9-af3c-68315fc124be"}
{"error":{"message":"Invalid email or password","name":"ValidationException","stack":"ValidationException: Invalid email or password\n    at AuthenticationService.login (C:\\Users\\a.elong\\Documents\\Genesis\\Career\\Projects\\WebStorm\\A-CertifyLink\\src\\services\\authentication.service.ts:86:19)\n    at process.processTicksAndRejections (node:internal/process/task_queues:95:5)\n    at AuthenticationController.login (C:\\Users\\a.elong\\Documents\\Genesis\\Career\\Projects\\WebStorm\\A-CertifyLink\\src\\controllers\\authentication.controller.ts:16:24)"},"level":"error","message":"Global exception handler caught error:","request":{"ip":"::1","method":"POST","url":"/api/v1/auth/login","userAgent":"PostmanRuntime/7.44.1"},"service":"A-CertifyLink","timestamp":"2025-06-26 19:02:26","traceId":"e4575c7a-8046-4d65-bf05-21906167fd7e"}
{"error":{"message":"Invalid email or password","name":"ValidationException","stack":"ValidationException: Invalid email or password\n    at AuthenticationService.login (C:\\Users\\a.elong\\Documents\\Genesis\\Career\\Projects\\WebStorm\\A-CertifyLink\\src\\services\\authentication.service.ts:86:19)\n    at process.processTicksAndRejections (node:internal/process/task_queues:95:5)\n    at AuthenticationController.login (C:\\Users\\a.elong\\Documents\\Genesis\\Career\\Projects\\WebStorm\\A-CertifyLink\\src\\controllers\\authentication.controller.ts:16:24)"},"level":"error","message":"Global exception handler caught error:","request":{"ip":"::1","method":"POST","url":"/api/v1/auth/login","userAgent":"PostmanRuntime/7.44.1"},"service":"A-CertifyLink","timestamp":"2025-06-26 19:04:10","traceId":"a04bcdcc-4200-4895-aacc-5beeb3402c1c"}
{"error":{"message":"Invalid email or password","name":"ValidationException","stack":"ValidationException: Invalid email or password\n    at AuthenticationService.login (C:\\Users\\a.elong\\Documents\\Genesis\\Career\\Projects\\WebStorm\\A-CertifyLink\\src\\services\\authentication.service.ts:86:19)\n    at AuthenticationController.login (C:\\Users\\a.elong\\Documents\\Genesis\\Career\\Projects\\WebStorm\\A-CertifyLink\\src\\controllers\\authentication.controller.ts:16:24)"},"level":"error","message":"Global exception handler caught error:","request":{"ip":"::1","method":"POST","url":"/api/v1/auth/login","userAgent":"PostmanRuntime/7.44.1"},"service":"A-CertifyLink","timestamp":"2025-06-26 19:04:41","traceId":"f3f12bd5-1569-46e7-b3ac-2d42b0db2b25"}
{"error":{"message":"Invalid email or password","name":"ValidationException","stack":"ValidationException: Invalid email or password\n    at AuthenticationService.login (C:\\Users\\a.elong\\Documents\\Genesis\\Career\\Projects\\WebStorm\\A-CertifyLink\\src\\services\\authentication.service.ts:86:19)\n    at AuthenticationController.login (C:\\Users\\a.elong\\Documents\\Genesis\\Career\\Projects\\WebStorm\\A-CertifyLink\\src\\controllers\\authentication.controller.ts:16:24)"},"level":"error","message":"Global exception handler caught error:","request":{"ip":"::1","method":"POST","url":"/api/v1/auth/login","userAgent":"PostmanRuntime/7.44.1"},"service":"A-CertifyLink","timestamp":"2025-06-26 19:04:44","traceId":"85db8b0e-8a52-4a4a-96ae-4827605cdfc0"}
{"error":{"message":"Invalid email or password","name":"ValidationException","stack":"ValidationException: Invalid email or password\n    at AuthenticationService.login (C:\\Users\\a.elong\\Documents\\Genesis\\Career\\Projects\\WebStorm\\A-CertifyLink\\src\\services\\authentication.service.ts:86:19)\n    at AuthenticationController.login (C:\\Users\\a.elong\\Documents\\Genesis\\Career\\Projects\\WebStorm\\A-CertifyLink\\src\\controllers\\authentication.controller.ts:16:24)"},"level":"error","message":"Global exception handler caught error:","request":{"ip":"::1","method":"POST","url":"/api/v1/auth/login","userAgent":"PostmanRuntime/7.44.1"},"service":"A-CertifyLink","timestamp":"2025-06-26 19:04:45","traceId":"7e534f17-65cc-4fb4-a357-34b5007242ea"}
{"error":{"message":"Invalid email or password","name":"ValidationException","stack":"ValidationException: Invalid email or password\n    at AuthenticationService.login (C:\\Users\\a.elong\\Documents\\Genesis\\Career\\Projects\\WebStorm\\A-CertifyLink\\src\\services\\authentication.service.ts:86:19)\n    at AuthenticationController.login (C:\\Users\\a.elong\\Documents\\Genesis\\Career\\Projects\\WebStorm\\A-CertifyLink\\src\\controllers\\authentication.controller.ts:16:24)"},"level":"error","message":"Global exception handler caught error:","request":{"ip":"::1","method":"POST","url":"/api/v1/auth/login","userAgent":"PostmanRuntime/7.44.1"},"service":"A-CertifyLink","timestamp":"2025-06-26 19:05:20","traceId":"94a7ea4d-c090-473f-a916-85d6cbc563bd"}
{"error":{"message":"Invalid email or password","name":"ValidationException","stack":"ValidationException: Invalid email or password\n    at AuthenticationService.login (C:\\Users\\a.elong\\Documents\\Genesis\\Career\\Projects\\WebStorm\\A-CertifyLink\\src\\services\\authentication.service.ts:86:19)\n    at AuthenticationController.login (C:\\Users\\a.elong\\Documents\\Genesis\\Career\\Projects\\WebStorm\\A-CertifyLink\\src\\controllers\\authentication.controller.ts:16:24)"},"level":"error","message":"Global exception handler caught error:","request":{"ip":"::1","method":"POST","url":"/api/v1/auth/login","userAgent":"PostmanRuntime/7.44.1"},"service":"A-CertifyLink","timestamp":"2025-06-26 19:06:52","traceId":"507fd547-4313-43c0-822c-fdea936e45ad"}
{"error":{"message":"Invalid email or password","name":"ValidationException","stack":"ValidationException: Invalid email or password\n    at AuthenticationService.login (C:\\Users\\a.elong\\Documents\\Genesis\\Career\\Projects\\WebStorm\\A-CertifyLink\\src\\services\\authentication.service.ts:86:19)\n    at AuthenticationController.login (C:\\Users\\a.elong\\Documents\\Genesis\\Career\\Projects\\WebStorm\\A-CertifyLink\\src\\controllers\\authentication.controller.ts:16:24)"},"level":"error","message":"Global exception handler caught error:","request":{"ip":"::1","method":"POST","url":"/api/v1/auth/login","userAgent":"PostmanRuntime/7.44.1"},"service":"A-CertifyLink","timestamp":"2025-06-26 19:11:09","traceId":"67edc4dd-07f3-4edb-a177-e4c2ff932ff6"}
{"error":{"message":"Invalid email or password","name":"ValidationException","stack":"ValidationException: Invalid email or password\n    at AuthenticationService.login (C:\\Users\\a.elong\\Documents\\Genesis\\Career\\Projects\\WebStorm\\A-CertifyLink\\src\\services\\authentication.service.ts:86:19)\n    at AuthenticationController.login (C:\\Users\\a.elong\\Documents\\Genesis\\Career\\Projects\\WebStorm\\A-CertifyLink\\src\\controllers\\authentication.controller.ts:16:24)"},"level":"error","message":"Global exception handler caught error:","request":{"ip":"::1","method":"POST","url":"/api/v1/auth/login","userAgent":"PostmanRuntime/7.44.1"},"service":"A-CertifyLink","timestamp":"2025-06-26 19:12:37","traceId":"c42d68c5-8b70-4418-8d3f-0ae2e953236b"}
{"error":{"message":"Invalid email or password","name":"ValidationException","stack":"ValidationException: Invalid email or password\n    at AuthenticationService.login (C:\\Users\\a.elong\\Documents\\Genesis\\Career\\Projects\\WebStorm\\A-CertifyLink\\src\\services\\authentication.service.ts:86:19)\n    at AuthenticationController.login (C:\\Users\\a.elong\\Documents\\Genesis\\Career\\Projects\\WebStorm\\A-CertifyLink\\src\\controllers\\authentication.controller.ts:16:24)"},"level":"error","message":"Global exception handler caught error:","request":{"ip":"::1","method":"POST","url":"/api/v1/auth/login","userAgent":"PostmanRuntime/7.44.1"},"service":"A-CertifyLink","timestamp":"2025-06-26 19:17:29","traceId":"4c77ef9b-b004-40cd-8c44-29b7781978fe"}
{"error":{"message":"Invalid email or password","name":"ValidationException","stack":"ValidationException: Invalid email or password\n    at AuthenticationService.login (C:\\Users\\a.elong\\Documents\\Genesis\\Career\\Projects\\WebStorm\\A-CertifyLink\\src\\services\\authentication.service.ts:86:19)\n    at AuthenticationController.login (C:\\Users\\a.elong\\Documents\\Genesis\\Career\\Projects\\WebStorm\\A-CertifyLink\\src\\controllers\\authentication.controller.ts:16:24)"},"level":"error","message":"Global exception handler caught error:","request":{"ip":"::1","method":"POST","url":"/api/v1/auth/login","userAgent":"PostmanRuntime/7.44.1"},"service":"A-CertifyLink","timestamp":"2025-06-26 19:17:47","traceId":"143f5783-eae1-49da-85e8-e9a5f712564b"}
{"error":{"message":"Invalid email or password","name":"ValidationException","stack":"ValidationException: Invalid email or password\n    at AuthenticationService.login (C:\\Users\\a.elong\\Documents\\Genesis\\Career\\Projects\\WebStorm\\A-CertifyLink\\src\\services\\authentication.service.ts:86:19)\n    at AuthenticationController.login (C:\\Users\\a.elong\\Documents\\Genesis\\Career\\Projects\\WebStorm\\A-CertifyLink\\src\\controllers\\authentication.controller.ts:16:24)"},"level":"error","message":"Global exception handler caught error:","request":{"ip":"::1","method":"POST","url":"/api/v1/auth/login","userAgent":"PostmanRuntime/7.44.1"},"service":"A-CertifyLink","timestamp":"2025-06-26 19:28:56","traceId":"03d31588-f4ed-4045-a5e5-5e1359517054"}
{"error":{"message":"Invalid email or password","name":"ValidationException","stack":"ValidationException: Invalid email or password\n    at AuthenticationService.login (C:\\Users\\a.elong\\Documents\\Genesis\\Career\\Projects\\WebStorm\\A-CertifyLink\\src\\services\\authentication.service.ts:86:19)\n    at process.processTicksAndRejections (node:internal/process/task_queues:95:5)\n    at AuthenticationController.login (C:\\Users\\a.elong\\Documents\\Genesis\\Career\\Projects\\WebStorm\\A-CertifyLink\\src\\controllers\\authentication.controller.ts:16:24)"},"level":"error","message":"Global exception handler caught error:","request":{"ip":"::1","method":"POST","url":"/api/v1/auth/login","userAgent":"Mozilla/5.0 (Windows NT 10.0; Win64; x64) AppleWebKit/537.36 (KHTML, like Gecko) Chrome/137.0.0.0 Safari/537.36"},"service":"A-CertifyLink","timestamp":"2025-06-27 09:19:32","traceId":"4eccda2e-8ec8-4f39-9e3b-a3e83df67c2f"}
{"error":{"message":"Cannot read properties of undefined (reading 'constructor')","name":"TypeError","stack":"TypeError: Cannot read properties of undefined (reading 'constructor')\n    at Function.findOne (C:\\Users\\a.elong\\Documents\\Genesis\\Career\\Projects\\WebStorm\\A-CertifyLink\\node_modules\\sequelize\\src\\model.js:1977:61)\n    at AuthenticationService.login (C:\\Users\\a.elong\\Documents\\Genesis\\Career\\Projects\\WebStorm\\A-CertifyLink\\src\\services\\authentication.service.ts:60:38)\n    at AuthenticationController.login (C:\\Users\\a.elong\\Documents\\Genesis\\Career\\Projects\\WebStorm\\A-CertifyLink\\src\\controllers\\authentication.controller.ts:16:47)\n    at C:\\Users\\a.elong\\Documents\\Genesis\\Career\\Projects\\WebStorm\\A-CertifyLink\\src\\middlewares\\async-handler.middleware.ts:6:29\n    at Layer.handle [as handle_request] (C:\\Users\\a.elong\\Documents\\Genesis\\Career\\Projects\\WebStorm\\A-CertifyLink\\node_modules\\express\\lib\\router\\layer.js:95:5)\n    at next (C:\\Users\\a.elong\\Documents\\Genesis\\Career\\Projects\\WebStorm\\A-CertifyLink\\node_modules\\express\\lib\\router\\route.js:149:13)\n    at C:\\Users\\a.elong\\Documents\\Genesis\\Career\\Projects\\WebStorm\\A-CertifyLink\\src\\middlewares\\validation.middleware.ts:45:13\n    at processTicksAndRejections (node:internal/process/task_queues:95:5)"},"level":"error","message":"Global exception handler caught error:","request":{"ip":"::1","method":"POST","url":"/api/v1/auth/login","userAgent":"Mozilla/5.0 (Windows NT 10.0; Win64; x64) AppleWebKit/537.36 (KHTML, like Gecko) Chrome/137.0.0.0 Safari/537.36"},"service":"A-CertifyLink","timestamp":"2025-06-27 10:58:04","traceId":"552b3133-5598-419e-b8ca-2ce3485887dd"}
{"errorMessage":"Cannot read properties of undefined (reading 'constructor')","errorName":"TypeError","level":"error","message":"Unhandled exception details:","service":"A-CertifyLink","stack":"TypeError: Cannot read properties of undefined (reading 'constructor')\n    at Function.findOne (C:\\Users\\a.elong\\Documents\\Genesis\\Career\\Projects\\WebStorm\\A-CertifyLink\\node_modules\\sequelize\\src\\model.js:1977:61)\n    at AuthenticationService.login (C:\\Users\\a.elong\\Documents\\Genesis\\Career\\Projects\\WebStorm\\A-CertifyLink\\src\\services\\authentication.service.ts:60:38)\n    at AuthenticationController.login (C:\\Users\\a.elong\\Documents\\Genesis\\Career\\Projects\\WebStorm\\A-CertifyLink\\src\\controllers\\authentication.controller.ts:16:47)\n    at C:\\Users\\a.elong\\Documents\\Genesis\\Career\\Projects\\WebStorm\\A-CertifyLink\\src\\middlewares\\async-handler.middleware.ts:6:29\n    at Layer.handle [as handle_request] (C:\\Users\\a.elong\\Documents\\Genesis\\Career\\Projects\\WebStorm\\A-CertifyLink\\node_modules\\express\\lib\\router\\layer.js:95:5)\n    at next (C:\\Users\\a.elong\\Documents\\Genesis\\Career\\Projects\\WebStorm\\A-CertifyLink\\node_modules\\express\\lib\\router\\route.js:149:13)\n    at C:\\Users\\a.elong\\Documents\\Genesis\\Career\\Projects\\WebStorm\\A-CertifyLink\\src\\middlewares\\validation.middleware.ts:45:13\n    at processTicksAndRejections (node:internal/process/task_queues:95:5)","timestamp":"2025-06-27 10:58:04","traceId":"552b3133-5598-419e-b8ca-2ce3485887dd"}
{"error":{"message":"Invalid email or password","name":"ValidationException","stack":"ValidationException: Invalid email or password\n    at AuthenticationService.login (C:\\Users\\a.elong\\Documents\\Genesis\\Career\\Projects\\WebStorm\\A-CertifyLink\\src\\services\\authentication.service.ts:86:19)\n    at process.processTicksAndRejections (node:internal/process/task_queues:95:5)\n    at AuthenticationController.login (C:\\Users\\a.elong\\Documents\\Genesis\\Career\\Projects\\WebStorm\\A-CertifyLink\\src\\controllers\\authentication.controller.ts:16:24)"},"level":"error","message":"Global exception handler caught error:","request":{"ip":"::1","method":"POST","url":"/api/v1/auth/login","userAgent":"Mozilla/5.0 (Windows NT 10.0; Win64; x64) AppleWebKit/537.36 (KHTML, like Gecko) Chrome/137.0.0.0 Safari/537.36"},"service":"A-CertifyLink","timestamp":"2025-06-27 11:02:51","traceId":"4033f20b-6a6a-4cdb-91e5-a009e6452d32"}
{"error":{"message":"Invalid email or password","name":"ValidationException","stack":"ValidationException: Invalid email or password\n    at AuthenticationService.login (C:\\Users\\a.elong\\Documents\\Genesis\\Career\\Projects\\WebStorm\\A-CertifyLink\\src\\services\\authentication.service.ts:86:19)\n    at process.processTicksAndRejections (node:internal/process/task_queues:95:5)\n    at AuthenticationController.login (C:\\Users\\a.elong\\Documents\\Genesis\\Career\\Projects\\WebStorm\\A-CertifyLink\\src\\controllers\\authentication.controller.ts:16:24)"},"level":"error","message":"Global exception handler caught error:","request":{"ip":"::1","method":"POST","url":"/api/v1/auth/login","userAgent":"Mozilla/5.0 (Windows NT 10.0; Win64; x64) AppleWebKit/537.36 (KHTML, like Gecko) Chrome/137.0.0.0 Safari/537.36"},"service":"A-CertifyLink","timestamp":"2025-06-27 11:03:17","traceId":"9e18e5a5-6d7c-4704-b520-0c3d29e5a3ef"}
{"level":"error","message":"Authentication middleware error: Cannot read properties of undefined (reading 'constructor')","service":"A-CertifyLink","stack":"TypeError: Cannot read properties of undefined (reading 'constructor')\n    at Function.findOne (C:\\Users\\a.elong\\Documents\\Genesis\\Career\\Projects\\WebStorm\\A-CertifyLink\\node_modules\\sequelize\\src\\model.js:1977:61)\n    at Function.findByPk (C:\\Users\\a.elong\\Documents\\Genesis\\Career\\Projects\\WebStorm\\A-CertifyLink\\node_modules\\sequelize\\src\\model.js:1955:23)\n    at authMiddleware (C:\\Users\\a.elong\\Documents\\Genesis\\Career\\Projects\\WebStorm\\A-CertifyLink\\src\\middlewares\\auth.middleware.ts:46:38)\n    at Layer.handle [as handle_request] (C:\\Users\\a.elong\\Documents\\Genesis\\Career\\Projects\\WebStorm\\A-CertifyLink\\node_modules\\express\\lib\\router\\layer.js:95:5)\n    at next (C:\\Users\\a.elong\\Documents\\Genesis\\Career\\Projects\\WebStorm\\A-CertifyLink\\node_modules\\express\\lib\\router\\route.js:149:13)\n    at Route.dispatch (C:\\Users\\a.elong\\Documents\\Genesis\\Career\\Projects\\WebStorm\\A-CertifyLink\\node_modules\\express\\lib\\router\\route.js:119:3)\n    at Layer.handle [as handle_request] (C:\\Users\\a.elong\\Documents\\Genesis\\Career\\Projects\\WebStorm\\A-CertifyLink\\node_modules\\express\\lib\\router\\layer.js:95:5)\n    at C:\\Users\\a.elong\\Documents\\Genesis\\Career\\Projects\\WebStorm\\A-CertifyLink\\node_modules\\express\\lib\\router\\index.js:284:15\n    at Function.process_params (C:\\Users\\a.elong\\Documents\\Genesis\\Career\\Projects\\WebStorm\\A-CertifyLink\\node_modules\\express\\lib\\router\\index.js:346:12)\n    at next (C:\\Users\\a.elong\\Documents\\Genesis\\Career\\Projects\\WebStorm\\A-CertifyLink\\node_modules\\express\\lib\\router\\index.js:280:10)","timestamp":"2025-06-27 11:49:14"}
{"error":{"message":"Cannot read properties of undefined (reading 'constructor')","name":"TypeError","stack":"TypeError: Cannot read properties of undefined (reading 'constructor')\n    at Function.findOne (C:\\Users\\a.elong\\Documents\\Genesis\\Career\\Projects\\WebStorm\\A-CertifyLink\\node_modules\\sequelize\\src\\model.js:1977:61)\n    at Function.findByPk (C:\\Users\\a.elong\\Documents\\Genesis\\Career\\Projects\\WebStorm\\A-CertifyLink\\node_modules\\sequelize\\src\\model.js:1955:23)\n    at authMiddleware (C:\\Users\\a.elong\\Documents\\Genesis\\Career\\Projects\\WebStorm\\A-CertifyLink\\src\\middlewares\\auth.middleware.ts:46:38)\n    at Layer.handle [as handle_request] (C:\\Users\\a.elong\\Documents\\Genesis\\Career\\Projects\\WebStorm\\A-CertifyLink\\node_modules\\express\\lib\\router\\layer.js:95:5)\n    at next (C:\\Users\\a.elong\\Documents\\Genesis\\Career\\Projects\\WebStorm\\A-CertifyLink\\node_modules\\express\\lib\\router\\route.js:149:13)\n    at Route.dispatch (C:\\Users\\a.elong\\Documents\\Genesis\\Career\\Projects\\WebStorm\\A-CertifyLink\\node_modules\\express\\lib\\router\\route.js:119:3)\n    at Layer.handle [as handle_request] (C:\\Users\\a.elong\\Documents\\Genesis\\Career\\Projects\\WebStorm\\A-CertifyLink\\node_modules\\express\\lib\\router\\layer.js:95:5)\n    at C:\\Users\\a.elong\\Documents\\Genesis\\Career\\Projects\\WebStorm\\A-CertifyLink\\node_modules\\express\\lib\\router\\index.js:284:15\n    at Function.process_params (C:\\Users\\a.elong\\Documents\\Genesis\\Career\\Projects\\WebStorm\\A-CertifyLink\\node_modules\\express\\lib\\router\\index.js:346:12)\n    at next (C:\\Users\\a.elong\\Documents\\Genesis\\Career\\Projects\\WebStorm\\A-CertifyLink\\node_modules\\express\\lib\\router\\index.js:280:10)"},"level":"error","message":"Global exception handler caught error:","request":{"ip":"::1","method":"GET","url":"/api/v1/auth/profile","userAgent":"Mozilla/5.0 (Windows NT 10.0; Win64; x64) AppleWebKit/537.36 (KHTML, like Gecko) Chrome/137.0.0.0 Safari/537.36"},"service":"A-CertifyLink","timestamp":"2025-06-27 11:49:14","traceId":"91af9701-65b7-4568-a66b-b113805288bc"}
{"errorMessage":"Cannot read properties of undefined (reading 'constructor')","errorName":"TypeError","level":"error","message":"Unhandled exception details:","service":"A-CertifyLink","stack":"TypeError: Cannot read properties of undefined (reading 'constructor')\n    at Function.findOne (C:\\Users\\a.elong\\Documents\\Genesis\\Career\\Projects\\WebStorm\\A-CertifyLink\\node_modules\\sequelize\\src\\model.js:1977:61)\n    at Function.findByPk (C:\\Users\\a.elong\\Documents\\Genesis\\Career\\Projects\\WebStorm\\A-CertifyLink\\node_modules\\sequelize\\src\\model.js:1955:23)\n    at authMiddleware (C:\\Users\\a.elong\\Documents\\Genesis\\Career\\Projects\\WebStorm\\A-CertifyLink\\src\\middlewares\\auth.middleware.ts:46:38)\n    at Layer.handle [as handle_request] (C:\\Users\\a.elong\\Documents\\Genesis\\Career\\Projects\\WebStorm\\A-CertifyLink\\node_modules\\express\\lib\\router\\layer.js:95:5)\n    at next (C:\\Users\\a.elong\\Documents\\Genesis\\Career\\Projects\\WebStorm\\A-CertifyLink\\node_modules\\express\\lib\\router\\route.js:149:13)\n    at Route.dispatch (C:\\Users\\a.elong\\Documents\\Genesis\\Career\\Projects\\WebStorm\\A-CertifyLink\\node_modules\\express\\lib\\router\\route.js:119:3)\n    at Layer.handle [as handle_request] (C:\\Users\\a.elong\\Documents\\Genesis\\Career\\Projects\\WebStorm\\A-CertifyLink\\node_modules\\express\\lib\\router\\layer.js:95:5)\n    at C:\\Users\\a.elong\\Documents\\Genesis\\Career\\Projects\\WebStorm\\A-CertifyLink\\node_modules\\express\\lib\\router\\index.js:284:15\n    at Function.process_params (C:\\Users\\a.elong\\Documents\\Genesis\\Career\\Projects\\WebStorm\\A-CertifyLink\\node_modules\\express\\lib\\router\\index.js:346:12)\n    at next (C:\\Users\\a.elong\\Documents\\Genesis\\Career\\Projects\\WebStorm\\A-CertifyLink\\node_modules\\express\\lib\\router\\index.js:280:10)","timestamp":"2025-06-27 11:49:14","traceId":"91af9701-65b7-4568-a66b-b113805288bc"}
{"level":"error","message":"Authentication middleware error: Cannot read properties of undefined (reading 'constructor')","service":"A-CertifyLink","stack":"TypeError: Cannot read properties of undefined (reading 'constructor')\n    at Function.findOne (C:\\Users\\a.elong\\Documents\\Genesis\\Career\\Projects\\WebStorm\\A-CertifyLink\\node_modules\\sequelize\\src\\model.js:1977:61)\n    at Function.findByPk (C:\\Users\\a.elong\\Documents\\Genesis\\Career\\Projects\\WebStorm\\A-CertifyLink\\node_modules\\sequelize\\src\\model.js:1955:23)\n    at authMiddleware (C:\\Users\\a.elong\\Documents\\Genesis\\Career\\Projects\\WebStorm\\A-CertifyLink\\src\\middlewares\\auth.middleware.ts:46:38)\n    at Layer.handle [as handle_request] (C:\\Users\\a.elong\\Documents\\Genesis\\Career\\Projects\\WebStorm\\A-CertifyLink\\node_modules\\express\\lib\\router\\layer.js:95:5)\n    at next (C:\\Users\\a.elong\\Documents\\Genesis\\Career\\Projects\\WebStorm\\A-CertifyLink\\node_modules\\express\\lib\\router\\route.js:149:13)\n    at Route.dispatch (C:\\Users\\a.elong\\Documents\\Genesis\\Career\\Projects\\WebStorm\\A-CertifyLink\\node_modules\\express\\lib\\router\\route.js:119:3)\n    at Layer.handle [as handle_request] (C:\\Users\\a.elong\\Documents\\Genesis\\Career\\Projects\\WebStorm\\A-CertifyLink\\node_modules\\express\\lib\\router\\layer.js:95:5)\n    at C:\\Users\\a.elong\\Documents\\Genesis\\Career\\Projects\\WebStorm\\A-CertifyLink\\node_modules\\express\\lib\\router\\index.js:284:15\n    at Function.process_params (C:\\Users\\a.elong\\Documents\\Genesis\\Career\\Projects\\WebStorm\\A-CertifyLink\\node_modules\\express\\lib\\router\\index.js:346:12)\n    at next (C:\\Users\\a.elong\\Documents\\Genesis\\Career\\Projects\\WebStorm\\A-CertifyLink\\node_modules\\express\\lib\\router\\index.js:280:10)","timestamp":"2025-06-27 11:49:14"}
{"error":{"message":"Cannot read properties of undefined (reading 'constructor')","name":"TypeError","stack":"TypeError: Cannot read properties of undefined (reading 'constructor')\n    at Function.findOne (C:\\Users\\a.elong\\Documents\\Genesis\\Career\\Projects\\WebStorm\\A-CertifyLink\\node_modules\\sequelize\\src\\model.js:1977:61)\n    at Function.findByPk (C:\\Users\\a.elong\\Documents\\Genesis\\Career\\Projects\\WebStorm\\A-CertifyLink\\node_modules\\sequelize\\src\\model.js:1955:23)\n    at authMiddleware (C:\\Users\\a.elong\\Documents\\Genesis\\Career\\Projects\\WebStorm\\A-CertifyLink\\src\\middlewares\\auth.middleware.ts:46:38)\n    at Layer.handle [as handle_request] (C:\\Users\\a.elong\\Documents\\Genesis\\Career\\Projects\\WebStorm\\A-CertifyLink\\node_modules\\express\\lib\\router\\layer.js:95:5)\n    at next (C:\\Users\\a.elong\\Documents\\Genesis\\Career\\Projects\\WebStorm\\A-CertifyLink\\node_modules\\express\\lib\\router\\route.js:149:13)\n    at Route.dispatch (C:\\Users\\a.elong\\Documents\\Genesis\\Career\\Projects\\WebStorm\\A-CertifyLink\\node_modules\\express\\lib\\router\\route.js:119:3)\n    at Layer.handle [as handle_request] (C:\\Users\\a.elong\\Documents\\Genesis\\Career\\Projects\\WebStorm\\A-CertifyLink\\node_modules\\express\\lib\\router\\layer.js:95:5)\n    at C:\\Users\\a.elong\\Documents\\Genesis\\Career\\Projects\\WebStorm\\A-CertifyLink\\node_modules\\express\\lib\\router\\index.js:284:15\n    at Function.process_params (C:\\Users\\a.elong\\Documents\\Genesis\\Career\\Projects\\WebStorm\\A-CertifyLink\\node_modules\\express\\lib\\router\\index.js:346:12)\n    at next (C:\\Users\\a.elong\\Documents\\Genesis\\Career\\Projects\\WebStorm\\A-CertifyLink\\node_modules\\express\\lib\\router\\index.js:280:10)"},"level":"error","message":"Global exception handler caught error:","request":{"ip":"::1","method":"GET","url":"/api/v1/auth/profile","userAgent":"Mozilla/5.0 (Windows NT 10.0; Win64; x64) AppleWebKit/537.36 (KHTML, like Gecko) Chrome/137.0.0.0 Safari/537.36"},"service":"A-CertifyLink","timestamp":"2025-06-27 11:49:14","traceId":"4a5ca2c8-734b-4ada-b6b1-d212bdf95f0d"}
{"errorMessage":"Cannot read properties of undefined (reading 'constructor')","errorName":"TypeError","level":"error","message":"Unhandled exception details:","service":"A-CertifyLink","stack":"TypeError: Cannot read properties of undefined (reading 'constructor')\n    at Function.findOne (C:\\Users\\a.elong\\Documents\\Genesis\\Career\\Projects\\WebStorm\\A-CertifyLink\\node_modules\\sequelize\\src\\model.js:1977:61)\n    at Function.findByPk (C:\\Users\\a.elong\\Documents\\Genesis\\Career\\Projects\\WebStorm\\A-CertifyLink\\node_modules\\sequelize\\src\\model.js:1955:23)\n    at authMiddleware (C:\\Users\\a.elong\\Documents\\Genesis\\Career\\Projects\\WebStorm\\A-CertifyLink\\src\\middlewares\\auth.middleware.ts:46:38)\n    at Layer.handle [as handle_request] (C:\\Users\\a.elong\\Documents\\Genesis\\Career\\Projects\\WebStorm\\A-CertifyLink\\node_modules\\express\\lib\\router\\layer.js:95:5)\n    at next (C:\\Users\\a.elong\\Documents\\Genesis\\Career\\Projects\\WebStorm\\A-CertifyLink\\node_modules\\express\\lib\\router\\route.js:149:13)\n    at Route.dispatch (C:\\Users\\a.elong\\Documents\\Genesis\\Career\\Projects\\WebStorm\\A-CertifyLink\\node_modules\\express\\lib\\router\\route.js:119:3)\n    at Layer.handle [as handle_request] (C:\\Users\\a.elong\\Documents\\Genesis\\Career\\Projects\\WebStorm\\A-CertifyLink\\node_modules\\express\\lib\\router\\layer.js:95:5)\n    at C:\\Users\\a.elong\\Documents\\Genesis\\Career\\Projects\\WebStorm\\A-CertifyLink\\node_modules\\express\\lib\\router\\index.js:284:15\n    at Function.process_params (C:\\Users\\a.elong\\Documents\\Genesis\\Career\\Projects\\WebStorm\\A-CertifyLink\\node_modules\\express\\lib\\router\\index.js:346:12)\n    at next (C:\\Users\\a.elong\\Documents\\Genesis\\Career\\Projects\\WebStorm\\A-CertifyLink\\node_modules\\express\\lib\\router\\index.js:280:10)","timestamp":"2025-06-27 11:49:14","traceId":"4a5ca2c8-734b-4ada-b6b1-d212bdf95f0d"}
{"level":"error","message":"Authentication middleware error: Cannot read properties of undefined (reading 'constructor')","service":"A-CertifyLink","stack":"TypeError: Cannot read properties of undefined (reading 'constructor')\n    at Function.findOne (C:\\Users\\a.elong\\Documents\\Genesis\\Career\\Projects\\WebStorm\\A-CertifyLink\\node_modules\\sequelize\\src\\model.js:1977:61)\n    at Function.findByPk (C:\\Users\\a.elong\\Documents\\Genesis\\Career\\Projects\\WebStorm\\A-CertifyLink\\node_modules\\sequelize\\src\\model.js:1955:23)\n    at authMiddleware (C:\\Users\\a.elong\\Documents\\Genesis\\Career\\Projects\\WebStorm\\A-CertifyLink\\src\\middlewares\\auth.middleware.ts:46:38)\n    at Layer.handle [as handle_request] (C:\\Users\\a.elong\\Documents\\Genesis\\Career\\Projects\\WebStorm\\A-CertifyLink\\node_modules\\express\\lib\\router\\layer.js:95:5)\n    at next (C:\\Users\\a.elong\\Documents\\Genesis\\Career\\Projects\\WebStorm\\A-CertifyLink\\node_modules\\express\\lib\\router\\route.js:149:13)\n    at Route.dispatch (C:\\Users\\a.elong\\Documents\\Genesis\\Career\\Projects\\WebStorm\\A-CertifyLink\\node_modules\\express\\lib\\router\\route.js:119:3)\n    at Layer.handle [as handle_request] (C:\\Users\\a.elong\\Documents\\Genesis\\Career\\Projects\\WebStorm\\A-CertifyLink\\node_modules\\express\\lib\\router\\layer.js:95:5)\n    at C:\\Users\\a.elong\\Documents\\Genesis\\Career\\Projects\\WebStorm\\A-CertifyLink\\node_modules\\express\\lib\\router\\index.js:284:15\n    at Function.process_params (C:\\Users\\a.elong\\Documents\\Genesis\\Career\\Projects\\WebStorm\\A-CertifyLink\\node_modules\\express\\lib\\router\\index.js:346:12)\n    at next (C:\\Users\\a.elong\\Documents\\Genesis\\Career\\Projects\\WebStorm\\A-CertifyLink\\node_modules\\express\\lib\\router\\index.js:280:10)","timestamp":"2025-06-27 11:49:15"}
{"level":"error","message":"Authentication middleware error: Cannot read properties of undefined (reading 'constructor')","service":"A-CertifyLink","stack":"TypeError: Cannot read properties of undefined (reading 'constructor')\n    at Function.findOne (C:\\Users\\a.elong\\Documents\\Genesis\\Career\\Projects\\WebStorm\\A-CertifyLink\\node_modules\\sequelize\\src\\model.js:1977:61)\n    at Function.findByPk (C:\\Users\\a.elong\\Documents\\Genesis\\Career\\Projects\\WebStorm\\A-CertifyLink\\node_modules\\sequelize\\src\\model.js:1955:23)\n    at authMiddleware (C:\\Users\\a.elong\\Documents\\Genesis\\Career\\Projects\\WebStorm\\A-CertifyLink\\src\\middlewares\\auth.middleware.ts:46:38)\n    at Layer.handle [as handle_request] (C:\\Users\\a.elong\\Documents\\Genesis\\Career\\Projects\\WebStorm\\A-CertifyLink\\node_modules\\express\\lib\\router\\layer.js:95:5)\n    at next (C:\\Users\\a.elong\\Documents\\Genesis\\Career\\Projects\\WebStorm\\A-CertifyLink\\node_modules\\express\\lib\\router\\route.js:149:13)\n    at Route.dispatch (C:\\Users\\a.elong\\Documents\\Genesis\\Career\\Projects\\WebStorm\\A-CertifyLink\\node_modules\\express\\lib\\router\\route.js:119:3)\n    at Layer.handle [as handle_request] (C:\\Users\\a.elong\\Documents\\Genesis\\Career\\Projects\\WebStorm\\A-CertifyLink\\node_modules\\express\\lib\\router\\layer.js:95:5)\n    at C:\\Users\\a.elong\\Documents\\Genesis\\Career\\Projects\\WebStorm\\A-CertifyLink\\node_modules\\express\\lib\\router\\index.js:284:15\n    at Function.process_params (C:\\Users\\a.elong\\Documents\\Genesis\\Career\\Projects\\WebStorm\\A-CertifyLink\\node_modules\\express\\lib\\router\\index.js:346:12)\n    at next (C:\\Users\\a.elong\\Documents\\Genesis\\Career\\Projects\\WebStorm\\A-CertifyLink\\node_modules\\express\\lib\\router\\index.js:280:10)","timestamp":"2025-06-27 11:49:15"}
{"error":{"message":"Cannot read properties of undefined (reading 'constructor')","name":"TypeError","stack":"TypeError: Cannot read properties of undefined (reading 'constructor')\n    at Function.findOne (C:\\Users\\a.elong\\Documents\\Genesis\\Career\\Projects\\WebStorm\\A-CertifyLink\\node_modules\\sequelize\\src\\model.js:1977:61)\n    at Function.findByPk (C:\\Users\\a.elong\\Documents\\Genesis\\Career\\Projects\\WebStorm\\A-CertifyLink\\node_modules\\sequelize\\src\\model.js:1955:23)\n    at authMiddleware (C:\\Users\\a.elong\\Documents\\Genesis\\Career\\Projects\\WebStorm\\A-CertifyLink\\src\\middlewares\\auth.middleware.ts:46:38)\n    at Layer.handle [as handle_request] (C:\\Users\\a.elong\\Documents\\Genesis\\Career\\Projects\\WebStorm\\A-CertifyLink\\node_modules\\express\\lib\\router\\layer.js:95:5)\n    at next (C:\\Users\\a.elong\\Documents\\Genesis\\Career\\Projects\\WebStorm\\A-CertifyLink\\node_modules\\express\\lib\\router\\route.js:149:13)\n    at Route.dispatch (C:\\Users\\a.elong\\Documents\\Genesis\\Career\\Projects\\WebStorm\\A-CertifyLink\\node_modules\\express\\lib\\router\\route.js:119:3)\n    at Layer.handle [as handle_request] (C:\\Users\\a.elong\\Documents\\Genesis\\Career\\Projects\\WebStorm\\A-CertifyLink\\node_modules\\express\\lib\\router\\layer.js:95:5)\n    at C:\\Users\\a.elong\\Documents\\Genesis\\Career\\Projects\\WebStorm\\A-CertifyLink\\node_modules\\express\\lib\\router\\index.js:284:15\n    at Function.process_params (C:\\Users\\a.elong\\Documents\\Genesis\\Career\\Projects\\WebStorm\\A-CertifyLink\\node_modules\\express\\lib\\router\\index.js:346:12)\n    at next (C:\\Users\\a.elong\\Documents\\Genesis\\Career\\Projects\\WebStorm\\A-CertifyLink\\node_modules\\express\\lib\\router\\index.js:280:10)"},"level":"error","message":"Global exception handler caught error:","request":{"ip":"::1","method":"POST","url":"/api/v1/auth/logout","userAgent":"Mozilla/5.0 (Windows NT 10.0; Win64; x64) AppleWebKit/537.36 (KHTML, like Gecko) Chrome/137.0.0.0 Safari/537.36"},"service":"A-CertifyLink","timestamp":"2025-06-27 11:49:15","traceId":"612c47db-5815-4c77-9c71-c1abd0c78584"}
{"errorMessage":"Cannot read properties of undefined (reading 'constructor')","errorName":"TypeError","level":"error","message":"Unhandled exception details:","service":"A-CertifyLink","stack":"TypeError: Cannot read properties of undefined (reading 'constructor')\n    at Function.findOne (C:\\Users\\a.elong\\Documents\\Genesis\\Career\\Projects\\WebStorm\\A-CertifyLink\\node_modules\\sequelize\\src\\model.js:1977:61)\n    at Function.findByPk (C:\\Users\\a.elong\\Documents\\Genesis\\Career\\Projects\\WebStorm\\A-CertifyLink\\node_modules\\sequelize\\src\\model.js:1955:23)\n    at authMiddleware (C:\\Users\\a.elong\\Documents\\Genesis\\Career\\Projects\\WebStorm\\A-CertifyLink\\src\\middlewares\\auth.middleware.ts:46:38)\n    at Layer.handle [as handle_request] (C:\\Users\\a.elong\\Documents\\Genesis\\Career\\Projects\\WebStorm\\A-CertifyLink\\node_modules\\express\\lib\\router\\layer.js:95:5)\n    at next (C:\\Users\\a.elong\\Documents\\Genesis\\Career\\Projects\\WebStorm\\A-CertifyLink\\node_modules\\express\\lib\\router\\route.js:149:13)\n    at Route.dispatch (C:\\Users\\a.elong\\Documents\\Genesis\\Career\\Projects\\WebStorm\\A-CertifyLink\\node_modules\\express\\lib\\router\\route.js:119:3)\n    at Layer.handle [as handle_request] (C:\\Users\\a.elong\\Documents\\Genesis\\Career\\Projects\\WebStorm\\A-CertifyLink\\node_modules\\express\\lib\\router\\layer.js:95:5)\n    at C:\\Users\\a.elong\\Documents\\Genesis\\Career\\Projects\\WebStorm\\A-CertifyLink\\node_modules\\express\\lib\\router\\index.js:284:15\n    at Function.process_params (C:\\Users\\a.elong\\Documents\\Genesis\\Career\\Projects\\WebStorm\\A-CertifyLink\\node_modules\\express\\lib\\router\\index.js:346:12)\n    at next (C:\\Users\\a.elong\\Documents\\Genesis\\Career\\Projects\\WebStorm\\A-CertifyLink\\node_modules\\express\\lib\\router\\index.js:280:10)","timestamp":"2025-06-27 11:49:15","traceId":"612c47db-5815-4c77-9c71-c1abd0c78584"}
{"error":{"message":"Cannot read properties of undefined (reading 'constructor')","name":"TypeError","stack":"TypeError: Cannot read properties of undefined (reading 'constructor')\n    at Function.findOne (C:\\Users\\a.elong\\Documents\\Genesis\\Career\\Projects\\WebStorm\\A-CertifyLink\\node_modules\\sequelize\\src\\model.js:1977:61)\n    at Function.findByPk (C:\\Users\\a.elong\\Documents\\Genesis\\Career\\Projects\\WebStorm\\A-CertifyLink\\node_modules\\sequelize\\src\\model.js:1955:23)\n    at authMiddleware (C:\\Users\\a.elong\\Documents\\Genesis\\Career\\Projects\\WebStorm\\A-CertifyLink\\src\\middlewares\\auth.middleware.ts:46:38)\n    at Layer.handle [as handle_request] (C:\\Users\\a.elong\\Documents\\Genesis\\Career\\Projects\\WebStorm\\A-CertifyLink\\node_modules\\express\\lib\\router\\layer.js:95:5)\n    at next (C:\\Users\\a.elong\\Documents\\Genesis\\Career\\Projects\\WebStorm\\A-CertifyLink\\node_modules\\express\\lib\\router\\route.js:149:13)\n    at Route.dispatch (C:\\Users\\a.elong\\Documents\\Genesis\\Career\\Projects\\WebStorm\\A-CertifyLink\\node_modules\\express\\lib\\router\\route.js:119:3)\n    at Layer.handle [as handle_request] (C:\\Users\\a.elong\\Documents\\Genesis\\Career\\Projects\\WebStorm\\A-CertifyLink\\node_modules\\express\\lib\\router\\layer.js:95:5)\n    at C:\\Users\\a.elong\\Documents\\Genesis\\Career\\Projects\\WebStorm\\A-CertifyLink\\node_modules\\express\\lib\\router\\index.js:284:15\n    at Function.process_params (C:\\Users\\a.elong\\Documents\\Genesis\\Career\\Projects\\WebStorm\\A-CertifyLink\\node_modules\\express\\lib\\router\\index.js:346:12)\n    at next (C:\\Users\\a.elong\\Documents\\Genesis\\Career\\Projects\\WebStorm\\A-CertifyLink\\node_modules\\express\\lib\\router\\index.js:280:10)"},"level":"error","message":"Global exception handler caught error:","request":{"ip":"::1","method":"POST","url":"/api/v1/auth/logout","userAgent":"Mozilla/5.0 (Windows NT 10.0; Win64; x64) AppleWebKit/537.36 (KHTML, like Gecko) Chrome/137.0.0.0 Safari/537.36"},"service":"A-CertifyLink","timestamp":"2025-06-27 11:49:15","traceId":"d70b7997-4636-467d-b021-d3d129e67a44"}
{"errorMessage":"Cannot read properties of undefined (reading 'constructor')","errorName":"TypeError","level":"error","message":"Unhandled exception details:","service":"A-CertifyLink","stack":"TypeError: Cannot read properties of undefined (reading 'constructor')\n    at Function.findOne (C:\\Users\\a.elong\\Documents\\Genesis\\Career\\Projects\\WebStorm\\A-CertifyLink\\node_modules\\sequelize\\src\\model.js:1977:61)\n    at Function.findByPk (C:\\Users\\a.elong\\Documents\\Genesis\\Career\\Projects\\WebStorm\\A-CertifyLink\\node_modules\\sequelize\\src\\model.js:1955:23)\n    at authMiddleware (C:\\Users\\a.elong\\Documents\\Genesis\\Career\\Projects\\WebStorm\\A-CertifyLink\\src\\middlewares\\auth.middleware.ts:46:38)\n    at Layer.handle [as handle_request] (C:\\Users\\a.elong\\Documents\\Genesis\\Career\\Projects\\WebStorm\\A-CertifyLink\\node_modules\\express\\lib\\router\\layer.js:95:5)\n    at next (C:\\Users\\a.elong\\Documents\\Genesis\\Career\\Projects\\WebStorm\\A-CertifyLink\\node_modules\\express\\lib\\router\\route.js:149:13)\n    at Route.dispatch (C:\\Users\\a.elong\\Documents\\Genesis\\Career\\Projects\\WebStorm\\A-CertifyLink\\node_modules\\express\\lib\\router\\route.js:119:3)\n    at Layer.handle [as handle_request] (C:\\Users\\a.elong\\Documents\\Genesis\\Career\\Projects\\WebStorm\\A-CertifyLink\\node_modules\\express\\lib\\router\\layer.js:95:5)\n    at C:\\Users\\a.elong\\Documents\\Genesis\\Career\\Projects\\WebStorm\\A-CertifyLink\\node_modules\\express\\lib\\router\\index.js:284:15\n    at Function.process_params (C:\\Users\\a.elong\\Documents\\Genesis\\Career\\Projects\\WebStorm\\A-CertifyLink\\node_modules\\express\\lib\\router\\index.js:346:12)\n    at next (C:\\Users\\a.elong\\Documents\\Genesis\\Career\\Projects\\WebStorm\\A-CertifyLink\\node_modules\\express\\lib\\router\\index.js:280:10)","timestamp":"2025-06-27 11:49:16","traceId":"d70b7997-4636-467d-b021-d3d129e67a44"}
{"error":{"message":"Cannot read properties of undefined (reading 'constructor')","name":"TypeError","stack":"TypeError: Cannot read properties of undefined (reading 'constructor')\n    at Function.findOne (C:\\Users\\a.elong\\Documents\\Genesis\\Career\\Projects\\WebStorm\\A-CertifyLink\\node_modules\\sequelize\\src\\model.js:1977:61)\n    at AuthenticationService.login (C:\\Users\\a.elong\\Documents\\Genesis\\Career\\Projects\\WebStorm\\A-CertifyLink\\src\\services\\authentication.service.ts:60:38)\n    at AuthenticationController.login (C:\\Users\\a.elong\\Documents\\Genesis\\Career\\Projects\\WebStorm\\A-CertifyLink\\src\\controllers\\authentication.controller.ts:16:47)\n    at C:\\Users\\a.elong\\Documents\\Genesis\\Career\\Projects\\WebStorm\\A-CertifyLink\\src\\middlewares\\async-handler.middleware.ts:6:29\n    at Layer.handle [as handle_request] (C:\\Users\\a.elong\\Documents\\Genesis\\Career\\Projects\\WebStorm\\A-CertifyLink\\node_modules\\express\\lib\\router\\layer.js:95:5)\n    at next (C:\\Users\\a.elong\\Documents\\Genesis\\Career\\Projects\\WebStorm\\A-CertifyLink\\node_modules\\express\\lib\\router\\route.js:149:13)\n    at C:\\Users\\a.elong\\Documents\\Genesis\\Career\\Projects\\WebStorm\\A-CertifyLink\\src\\middlewares\\validation.middleware.ts:45:13\n    at processTicksAndRejections (node:internal/process/task_queues:95:5)"},"level":"error","message":"Global exception handler caught error:","request":{"ip":"::1","method":"POST","url":"/api/v1/auth/login","userAgent":"Mozilla/5.0 (Windows NT 10.0; Win64; x64) AppleWebKit/537.36 (KHTML, like Gecko) Chrome/137.0.0.0 Safari/537.36"},"service":"A-CertifyLink","timestamp":"2025-06-27 12:09:53","traceId":"1a058691-f5ed-4aa8-ba64-8b3d917d8812"}
{"errorMessage":"Cannot read properties of undefined (reading 'constructor')","errorName":"TypeError","level":"error","message":"Unhandled exception details:","service":"A-CertifyLink","stack":"TypeError: Cannot read properties of undefined (reading 'constructor')\n    at Function.findOne (C:\\Users\\a.elong\\Documents\\Genesis\\Career\\Projects\\WebStorm\\A-CertifyLink\\node_modules\\sequelize\\src\\model.js:1977:61)\n    at AuthenticationService.login (C:\\Users\\a.elong\\Documents\\Genesis\\Career\\Projects\\WebStorm\\A-CertifyLink\\src\\services\\authentication.service.ts:60:38)\n    at AuthenticationController.login (C:\\Users\\a.elong\\Documents\\Genesis\\Career\\Projects\\WebStorm\\A-CertifyLink\\src\\controllers\\authentication.controller.ts:16:47)\n    at C:\\Users\\a.elong\\Documents\\Genesis\\Career\\Projects\\WebStorm\\A-CertifyLink\\src\\middlewares\\async-handler.middleware.ts:6:29\n    at Layer.handle [as handle_request] (C:\\Users\\a.elong\\Documents\\Genesis\\Career\\Projects\\WebStorm\\A-CertifyLink\\node_modules\\express\\lib\\router\\layer.js:95:5)\n    at next (C:\\Users\\a.elong\\Documents\\Genesis\\Career\\Projects\\WebStorm\\A-CertifyLink\\node_modules\\express\\lib\\router\\route.js:149:13)\n    at C:\\Users\\a.elong\\Documents\\Genesis\\Career\\Projects\\WebStorm\\A-CertifyLink\\src\\middlewares\\validation.middleware.ts:45:13\n    at processTicksAndRejections (node:internal/process/task_queues:95:5)","timestamp":"2025-06-27 12:16:37","traceId":"1a058691-f5ed-4aa8-ba64-8b3d917d8812"}
{"level":"error","message":"❌ Failed to start server:","service":"A-CertifyLink","timestamp":"2025-06-27 17:34:50"}
{"data":{"message":"Server Error"},"level":"error","message":"HTTP Response Error: 500 productions","service":"A-CertifyLink","status":500,"timestamp":"2025-06-27 17:41:16"}
{"error":{"message":"Request failed with status code 500","name":"AxiosError","stack":"AxiosError: Request failed with status code 500\n    at settle (C:\\Users\\a.elong\\Documents\\Genesis\\Career\\Projects\\WebStorm\\A-CertifyLink\\node_modules\\axios\\lib\\core\\settle.js:19:12)\n    at IncomingMessage.handleStreamEnd (C:\\Users\\a.elong\\Documents\\Genesis\\Career\\Projects\\WebStorm\\A-CertifyLink\\node_modules\\axios\\lib\\adapters\\http.js:599:11)\n    at IncomingMessage.emit (node:events:531:35)\n    at endReadableNT (node:internal/streams/readable:1696:12)\n    at process.processTicksAndRejections (node:internal/process/task_queues:82:21)\n    at Axios.request (C:\\Users\\a.elong\\Documents\\Genesis\\Career\\Projects\\WebStorm\\A-CertifyLink\\node_modules\\axios\\lib\\core\\Axios.js:45:41)\n    at process.processTicksAndRejections (node:internal/process/task_queues:95:5)\n    at HttpClient.post (C:\\Users\\a.elong\\Documents\\Genesis\\Career\\Projects\\WebStorm\\A-CertifyLink\\src\\utils\\httpClient.ts:59:26)\n    at AsaciAttestationController.createProductionRequest (C:\\Users\\a.elong\\Documents\\Genesis\\Career\\Projects\\WebStorm\\A-CertifyLink\\src\\controllers\\asaci-attestation.controller.ts:29:24)"},"level":"error","message":"Global exception handler caught error:","request":{"ip":"::1","method":"POST","url":"/api/v1/asaci/productions","userAgent":"PostmanRuntime/7.44.1","userId":"05bd53c0-ad1e-4ef0-8a30-aa23a2c8115c"},"service":"A-CertifyLink","timestamp":"2025-06-27 17:41:16","traceId":"6c765ea9-83e0-41d1-9ec5-e75ece070819"}
{"level":"error","message":"❌ Failed to start server:","service":"A-CertifyLink","timestamp":"2025-06-27 17:43:58"}
{"level":"error","message":"❌ Failed to connect to ORASS database: Connection test failed: NJS-503: connection to host 10.0.7.24 port 1521 could not be established. (CONNECTION_ID=dmGxpYn/8/ehuvw4jschwQ==)\nconnect ECONNREFUSED 10.0.7.24:1521","service":"A-CertifyLink","stack":"Error: Connection test failed: NJS-503: connection to host 10.0.7.24 port 1521 could not be established. (CONNECTION_ID=dmGxpYn/8/ehuvw4jschwQ==)\nconnect ECONNREFUSED 10.0.7.24:1521\n    at OrassService.testConnection (C:\\Users\\a.elong\\Documents\\Genesis\\Career\\Projects\\WebStorm\\A-CertifyLink\\src\\services\\orass-database.service.ts:127:19)\n    at process.processTicksAndRejections (node:internal/process/task_queues:95:5)\n    at OrassService.connect (C:\\Users\\a.elong\\Documents\\Genesis\\Career\\Projects\\WebStorm\\A-CertifyLink\\src\\services\\orass-database.service.ts:81:13)\n    at OrassServiceManager.connect (C:\\Users\\a.elong\\Documents\\Genesis\\Career\\Projects\\WebStorm\\A-CertifyLink\\src\\config\\orass-service-manager.ts:74:13)","timestamp":"2025-06-27 18:34:15"}
{"level":"error","message":"❌ Failed to connect to ORASS database: Connection test failed: NJS-503: connection to host 10.0.7.24 port 1521 could not be established. (CONNECTION_ID=sQMEpOLaprIIHdlY8Juf8w==)\nconnect ECONNREFUSED 10.0.7.24:1521","service":"A-CertifyLink","stack":"Error: Connection test failed: NJS-503: connection to host 10.0.7.24 port 1521 could not be established. (CONNECTION_ID=sQMEpOLaprIIHdlY8Juf8w==)\nconnect ECONNREFUSED 10.0.7.24:1521\n    at OrassService.testConnection (C:\\Users\\a.elong\\Documents\\Genesis\\Career\\Projects\\WebStorm\\A-CertifyLink\\src\\services\\orass-database.service.ts:127:19)\n    at process.processTicksAndRejections (node:internal/process/task_queues:95:5)\n    at OrassService.connect (C:\\Users\\a.elong\\Documents\\Genesis\\Career\\Projects\\WebStorm\\A-CertifyLink\\src\\services\\orass-database.service.ts:81:13)\n    at OrassServiceManager.connect (C:\\Users\\a.elong\\Documents\\Genesis\\Career\\Projects\\WebStorm\\A-CertifyLink\\src\\config\\orass-service-manager.ts:74:13)","timestamp":"2025-06-27 18:37:29"}
{"level":"error","message":"❌ Failed to connect to ORASS database: Connection test failed: NJS-503: connection to host 10.0.7.24 port 1521 could not be established. (CONNECTION_ID=/vEnt9ga2pk384MkjGv5nw==)\nconnect ECONNREFUSED 10.0.7.24:1521","service":"A-CertifyLink","stack":"Error: Connection test failed: NJS-503: connection to host 10.0.7.24 port 1521 could not be established. (CONNECTION_ID=/vEnt9ga2pk384MkjGv5nw==)\nconnect ECONNREFUSED 10.0.7.24:1521\n    at OrassService.testConnection (C:\\Users\\a.elong\\Documents\\Genesis\\Career\\Projects\\WebStorm\\A-CertifyLink\\src\\services\\orass-database.service.ts:139:19)\n    at process.processTicksAndRejections (node:internal/process/task_queues:95:5)\n    at OrassService.connect (C:\\Users\\a.elong\\Documents\\Genesis\\Career\\Projects\\WebStorm\\A-CertifyLink\\src\\services\\orass-database.service.ts:93:13)\n    at OrassServiceManager.connect (C:\\Users\\a.elong\\Documents\\Genesis\\Career\\Projects\\WebStorm\\A-CertifyLink\\src\\config\\orass-service-manager.ts:74:13)","timestamp":"2025-06-27 18:46:36"}
{"level":"error","message":"❌ Failed to connect to ORASS database: Connection test failed: NJS-510: connection to host 10.0.7.24 port 1521 timed out. Request exceeded \"transportConnectTimeout\" of 20 seconds. (CONNECTION_ID=Ylz1g5HhDxgatbEeW8tCLA==)","service":"A-CertifyLink","stack":"Error: Connection test failed: NJS-510: connection to host 10.0.7.24 port 1521 timed out. Request exceeded \"transportConnectTimeout\" of 20 seconds. (CONNECTION_ID=Ylz1g5HhDxgatbEeW8tCLA==)\n    at OrassService.testConnection (C:\\Users\\a.elong\\Documents\\Genesis\\Career\\Projects\\WebStorm\\A-CertifyLink\\src\\services\\orass-database.service.ts:127:19)\n    at async OrassService.connect (C:\\Users\\a.elong\\Documents\\Genesis\\Career\\Projects\\WebStorm\\A-CertifyLink\\src\\services\\orass-database.service.ts:81:13)\n    at async OrassServiceManager.connect (C:\\Users\\a.elong\\Documents\\Genesis\\Career\\Projects\\WebStorm\\A-CertifyLink\\src\\config\\orass-service-manager.ts:74:13)","timestamp":"2025-06-30 09:06:29"}
{"level":"error","message":"❌ Failed to start server:","service":"A-CertifyLink","timestamp":"2025-06-30 09:22:24"}
{"level":"error","message":"❌ Failed to connect to ORASS database: Connection test failed: NJS-510: connection to host 10.0.7.24 port 1521 timed out. Request exceeded \"transportConnectTimeout\" of 20 seconds. (CONNECTION_ID=UlnEb8/Fm8WQKSgJRiIinQ==)","service":"A-CertifyLink","stack":"Error: Connection test failed: NJS-510: connection to host 10.0.7.24 port 1521 timed out. Request exceeded \"transportConnectTimeout\" of 20 seconds. (CONNECTION_ID=UlnEb8/Fm8WQKSgJRiIinQ==)\n    at OrassService.testConnection (C:\\Users\\a.elong\\Documents\\Genesis\\Career\\Projects\\WebStorm\\A-CertifyLink\\src\\services\\orass-database.service.ts:127:19)\n    at async OrassService.connect (C:\\Users\\a.elong\\Documents\\Genesis\\Career\\Projects\\WebStorm\\A-CertifyLink\\src\\services\\orass-database.service.ts:81:13)\n    at async OrassServiceManager.connect (C:\\Users\\a.elong\\Documents\\Genesis\\Career\\Projects\\WebStorm\\A-CertifyLink\\src\\config\\orass-service-manager.ts:74:13)","timestamp":"2025-06-30 09:23:15"}
{"level":"error","message":"❌ Failed to connect to ORASS database: Connection test failed: NJS-510: connection to host 10.0.7.24 port 1521 timed out. Request exceeded \"transportConnectTimeout\" of 20 seconds. (CONNECTION_ID=wy2JGZEAgG00j1TBSh5Fyw==)","service":"A-CertifyLink","stack":"Error: Connection test failed: NJS-510: connection to host 10.0.7.24 port 1521 timed out. Request exceeded \"transportConnectTimeout\" of 20 seconds. (CONNECTION_ID=wy2JGZEAgG00j1TBSh5Fyw==)\n    at OrassService.testConnection (C:\\Users\\a.elong\\Documents\\Genesis\\Career\\Projects\\WebStorm\\A-CertifyLink\\src\\services\\orass-database.service.ts:127:19)\n    at async OrassService.connect (C:\\Users\\a.elong\\Documents\\Genesis\\Career\\Projects\\WebStorm\\A-CertifyLink\\src\\services\\orass-database.service.ts:81:13)\n    at async OrassServiceManager.connect (C:\\Users\\a.elong\\Documents\\Genesis\\Career\\Projects\\WebStorm\\A-CertifyLink\\src\\config\\orass-service-manager.ts:74:13)","timestamp":"2025-06-30 09:25:30"}
{"data":{"errors":[{"detail":"Vous ne disposez pas d'un stock d'attestations suffisant pour effectuer cette demande d'édition.","status":403,"title":"Action non autorisée"}]},"level":"error","message":"HTTP Response Error: 403 productions","service":"A-CertifyLink","status":403,"timestamp":"2025-06-30 09:29:01"}
{"error":{"message":"Request failed with status code 403","name":"AxiosError","stack":"AxiosError: Request failed with status code 403\n    at settle (C:\\Users\\a.elong\\Documents\\Genesis\\Career\\Projects\\WebStorm\\A-CertifyLink\\node_modules\\axios\\lib\\core\\settle.js:19:12)\n    at IncomingMessage.handleStreamEnd (C:\\Users\\a.elong\\Documents\\Genesis\\Career\\Projects\\WebStorm\\A-CertifyLink\\node_modules\\axios\\lib\\adapters\\http.js:599:11)\n    at IncomingMessage.emit (node:events:531:35)\n    at IncomingMessage.emit (node:domain:488:12)\n    at endReadableNT (node:internal/streams/readable:1696:12)\n    at processTicksAndRejections (node:internal/process/task_queues:82:21)\n    at Axios.request (C:\\Users\\a.elong\\Documents\\Genesis\\Career\\Projects\\WebStorm\\A-CertifyLink\\node_modules\\axios\\lib\\core\\Axios.js:45:41)\n    at processTicksAndRejections (node:internal/process/task_queues:95:5)\n    at async HttpClient.post (C:\\Users\\a.elong\\Documents\\Genesis\\Career\\Projects\\WebStorm\\A-CertifyLink\\src\\utils\\httpClient.ts:59:26)\n    at async AsaciAttestationController.createProductionRequest (C:\\Users\\a.elong\\Documents\\Genesis\\Career\\Projects\\WebStorm\\A-CertifyLink\\src\\controllers\\asaci-attestation.controller.ts:29:24)"},"level":"error","message":"Global exception handler caught error:","request":{"ip":"::1","method":"POST","url":"/api/v1/asaci/productions","userAgent":"PostmanRuntime/7.44.1","userId":"05bd53c0-ad1e-4ef0-8a30-aa23a2c8115c"},"service":"A-CertifyLink","timestamp":"2025-06-30 09:29:01","traceId":"398fcf43-7ca1-4ccf-8da9-380bf521de9d"}
{"data":{"errors":[{"detail":"Vous ne disposez pas d'un stock d'attestations suffisant pour effectuer cette demande d'édition.","status":403,"title":"Action non autorisée"}]},"level":"error","message":"HTTP Response Error: 403 productions","service":"A-CertifyLink","status":403,"timestamp":"2025-06-30 09:42:47"}
{"error":{"message":"Request failed with status code 403","name":"AxiosError","stack":"AxiosError: Request failed with status code 403\n    at settle (C:\\Users\\a.elong\\Documents\\Genesis\\Career\\Projects\\WebStorm\\A-CertifyLink\\node_modules\\axios\\lib\\core\\settle.js:19:12)\n    at IncomingMessage.handleStreamEnd (C:\\Users\\a.elong\\Documents\\Genesis\\Career\\Projects\\WebStorm\\A-CertifyLink\\node_modules\\axios\\lib\\adapters\\http.js:599:11)\n    at IncomingMessage.emit (node:events:531:35)\n    at IncomingMessage.emit (node:domain:488:12)\n    at endReadableNT (node:internal/streams/readable:1696:12)\n    at processTicksAndRejections (node:internal/process/task_queues:82:21)\n    at Axios.request (C:\\Users\\a.elong\\Documents\\Genesis\\Career\\Projects\\WebStorm\\A-CertifyLink\\node_modules\\axios\\lib\\core\\Axios.js:45:41)\n    at processTicksAndRejections (node:internal/process/task_queues:95:5)\n    at async HttpClient.post (C:\\Users\\a.elong\\Documents\\Genesis\\Career\\Projects\\WebStorm\\A-CertifyLink\\src\\utils\\httpClient.ts:59:26)\n    at async AsaciAttestationController.createProductionRequest (C:\\Users\\a.elong\\Documents\\Genesis\\Career\\Projects\\WebStorm\\A-CertifyLink\\src\\controllers\\asaci-attestation.controller.ts:29:24)"},"level":"error","message":"Global exception handler caught error:","request":{"ip":"::1","method":"POST","url":"/api/v1/asaci/productions","userAgent":"PostmanRuntime/7.44.1","userId":"05bd53c0-ad1e-4ef0-8a30-aa23a2c8115c"},"service":"A-CertifyLink","timestamp":"2025-06-30 09:42:47","traceId":"8010737a-36e6-4e54-beed-e0c8b49ec636"}
{"level":"error","message":"❌ Failed to start server:","service":"A-CertifyLink","timestamp":"2025-06-30 10:32:48"}
{"code":"NJS-101","level":"error","message":"❌ Failed to connect to ORASS database: NJS-101: no credentials specified","service":"A-CertifyLink","stack":"Error: NJS-101: no credentials specified\n    at Object.throwErr (C:\\Users\\a.elong\\Documents\\Genesis\\Career\\Projects\\WebStorm\\A-CertifyLink\\node_modules\\oracledb\\lib\\errors.js:742:10)\n    at Object.checkCredentials (C:\\Users\\a.elong\\Documents\\Genesis\\Career\\Projects\\WebStorm\\A-CertifyLink\\node_modules\\oracledb\\lib\\thin\\util.js:232:14)\n    at ThinPoolImpl._init (C:\\Users\\a.elong\\Documents\\Genesis\\Career\\Projects\\WebStorm\\A-CertifyLink\\node_modules\\oracledb\\lib\\thin\\pool.js:50:14)\n    at ThinPoolImpl.create (C:\\Users\\a.elong\\Documents\\Genesis\\Career\\Projects\\WebStorm\\A-CertifyLink\\node_modules\\oracledb\\lib\\thin\\pool.js:132:10)\n    at Object.createPool (C:\\Users\\a.elong\\Documents\\Genesis\\Career\\Projects\\WebStorm\\A-CertifyLink\\node_modules\\oracledb\\lib\\oracledb.js:670:22)\n    at processTicksAndRejections (node:internal/process/task_queues:95:5)\n    at async Object.createPool (C:\\Users\\a.elong\\Documents\\Genesis\\Career\\Projects\\WebStorm\\A-CertifyLink\\node_modules\\oracledb\\lib\\util.js:271:16)\n    at async OrassService.connect (C:\\Users\\a.elong\\Documents\\Genesis\\Career\\Projects\\WebStorm\\A-CertifyLink\\src\\services\\orass-database.service.ts:80:25)\n    at async OrassServiceManager.connect (C:\\Users\\a.elong\\Documents\\Genesis\\Career\\Projects\\WebStorm\\A-CertifyLink\\src\\config\\orass-service-manager.ts:74:13)","timestamp":"2025-06-30 10:37:55"}
{"code":"NJS-101","level":"error","message":"❌ Failed to connect to ORASS database: NJS-101: no credentials specified","service":"A-CertifyLink","stack":"Error: NJS-101: no credentials specified\n    at Object.throwErr (C:\\Users\\a.elong\\Documents\\Genesis\\Career\\Projects\\WebStorm\\A-CertifyLink\\node_modules\\oracledb\\lib\\errors.js:742:10)\n    at Object.checkCredentials (C:\\Users\\a.elong\\Documents\\Genesis\\Career\\Projects\\WebStorm\\A-CertifyLink\\node_modules\\oracledb\\lib\\thin\\util.js:232:14)\n    at ThinPoolImpl._init (C:\\Users\\a.elong\\Documents\\Genesis\\Career\\Projects\\WebStorm\\A-CertifyLink\\node_modules\\oracledb\\lib\\thin\\pool.js:50:14)\n    at ThinPoolImpl.create (C:\\Users\\a.elong\\Documents\\Genesis\\Career\\Projects\\WebStorm\\A-CertifyLink\\node_modules\\oracledb\\lib\\thin\\pool.js:132:10)\n    at Object.createPool (C:\\Users\\a.elong\\Documents\\Genesis\\Career\\Projects\\WebStorm\\A-CertifyLink\\node_modules\\oracledb\\lib\\oracledb.js:670:22)\n    at processTicksAndRejections (node:internal/process/task_queues:95:5)\n    at async Object.createPool (C:\\Users\\a.elong\\Documents\\Genesis\\Career\\Projects\\WebStorm\\A-CertifyLink\\node_modules\\oracledb\\lib\\util.js:271:16)\n    at async OrassService.connect (C:\\Users\\a.elong\\Documents\\Genesis\\Career\\Projects\\WebStorm\\A-CertifyLink\\src\\services\\orass-database.service.ts:80:25)\n    at async OrassServiceManager.connect (C:\\Users\\a.elong\\Documents\\Genesis\\Career\\Projects\\WebStorm\\A-CertifyLink\\src\\config\\orass-service-manager.ts:74:13)","timestamp":"2025-06-30 10:38:52"}
{"code":"NJS-101","level":"error","message":"❌ Failed to connect to ORASS database: NJS-101: no credentials specified","service":"A-CertifyLink","stack":"Error: NJS-101: no credentials specified\n    at Object.throwErr (C:\\Users\\a.elong\\Documents\\Genesis\\Career\\Projects\\WebStorm\\A-CertifyLink\\node_modules\\oracledb\\lib\\errors.js:742:10)\n    at Object.checkCredentials (C:\\Users\\a.elong\\Documents\\Genesis\\Career\\Projects\\WebStorm\\A-CertifyLink\\node_modules\\oracledb\\lib\\thin\\util.js:232:14)\n    at ThinPoolImpl._init (C:\\Users\\a.elong\\Documents\\Genesis\\Career\\Projects\\WebStorm\\A-CertifyLink\\node_modules\\oracledb\\lib\\thin\\pool.js:50:14)\n    at ThinPoolImpl.create (C:\\Users\\a.elong\\Documents\\Genesis\\Career\\Projects\\WebStorm\\A-CertifyLink\\node_modules\\oracledb\\lib\\thin\\pool.js:132:10)\n    at Object.createPool (C:\\Users\\a.elong\\Documents\\Genesis\\Career\\Projects\\WebStorm\\A-CertifyLink\\node_modules\\oracledb\\lib\\oracledb.js:670:22)\n    at processTicksAndRejections (node:internal/process/task_queues:95:5)\n    at async Object.createPool (C:\\Users\\a.elong\\Documents\\Genesis\\Career\\Projects\\WebStorm\\A-CertifyLink\\node_modules\\oracledb\\lib\\util.js:271:16)\n    at async OrassService.connect (C:\\Users\\a.elong\\Documents\\Genesis\\Career\\Projects\\WebStorm\\A-CertifyLink\\src\\services\\orass-database.service.ts:80:25)\n    at async OrassServiceManager.connect (C:\\Users\\a.elong\\Documents\\Genesis\\Career\\Projects\\WebStorm\\A-CertifyLink\\src\\config\\orass-service-manager.ts:74:13)","timestamp":"2025-06-30 10:42:57"}
{"code":"NJS-101","level":"error","message":"❌ Failed to connect to ORASS database: NJS-101: no credentials specified","service":"A-CertifyLink","stack":"Error: NJS-101: no credentials specified\n    at Object.throwErr (C:\\Users\\a.elong\\Documents\\Genesis\\Career\\Projects\\WebStorm\\A-CertifyLink\\node_modules\\oracledb\\lib\\errors.js:742:10)\n    at Object.checkCredentials (C:\\Users\\a.elong\\Documents\\Genesis\\Career\\Projects\\WebStorm\\A-CertifyLink\\node_modules\\oracledb\\lib\\thin\\util.js:232:14)\n    at ThinPoolImpl._init (C:\\Users\\a.elong\\Documents\\Genesis\\Career\\Projects\\WebStorm\\A-CertifyLink\\node_modules\\oracledb\\lib\\thin\\pool.js:50:14)\n    at ThinPoolImpl.create (C:\\Users\\a.elong\\Documents\\Genesis\\Career\\Projects\\WebStorm\\A-CertifyLink\\node_modules\\oracledb\\lib\\thin\\pool.js:132:10)\n    at Object.createPool (C:\\Users\\a.elong\\Documents\\Genesis\\Career\\Projects\\WebStorm\\A-CertifyLink\\node_modules\\oracledb\\lib\\oracledb.js:670:22)\n    at processTicksAndRejections (node:internal/process/task_queues:95:5)\n    at async Object.createPool (C:\\Users\\a.elong\\Documents\\Genesis\\Career\\Projects\\WebStorm\\A-CertifyLink\\node_modules\\oracledb\\lib\\util.js:271:16)\n    at async OrassService.connect (C:\\Users\\a.elong\\Documents\\Genesis\\Career\\Projects\\WebStorm\\A-CertifyLink\\src\\services\\orass-database.service.ts:93:25)\n    at async OrassServiceManager.connect (C:\\Users\\a.elong\\Documents\\Genesis\\Career\\Projects\\WebStorm\\A-CertifyLink\\src\\config\\orass-service-manager.ts:74:13)","timestamp":"2025-06-30 10:45:10"}
{"code":"NJS-516","level":"error","message":"❌ Failed to connect to ORASS database: NJS-516: no configuration directory set or available to search for tnsnames.ora","service":"A-CertifyLink","stack":"Error: NJS-516: no configuration directory set or available to search for tnsnames.ora\n    at Object.throwErr (C:\\Users\\a.elong\\Documents\\Genesis\\Career\\Projects\\WebStorm\\A-CertifyLink\\node_modules\\oracledb\\lib\\errors.js:742:10)\n    at tnsnamesFilePath (C:\\Users\\a.elong\\Documents\\Genesis\\Career\\Projects\\WebStorm\\A-CertifyLink\\node_modules\\oracledb\\lib\\thin\\sqlnet\\paramParser.js:51:14)\n    at resolveConnectStr (C:\\Users\\a.elong\\Documents\\Genesis\\Career\\Projects\\WebStorm\\A-CertifyLink\\node_modules\\oracledb\\lib\\thin\\sqlnet\\networkSession.js:82:29)\n    at getConnectionInfo (C:\\Users\\a.elong\\Documents\\Genesis\\Career\\Projects\\WebStorm\\A-CertifyLink\\node_modules\\oracledb\\lib\\thin\\sqlnet\\networkSession.js:49:25)\n    at ThinPoolImpl.create (C:\\Users\\a.elong\\Documents\\Genesis\\Career\\Projects\\WebStorm\\A-CertifyLink\\node_modules\\oracledb\\lib\\thin\\pool.js:134:13)\n    at Object.createPool (C:\\Users\\a.elong\\Documents\\Genesis\\Career\\Projects\\WebStorm\\A-CertifyLink\\node_modules\\oracledb\\lib\\oracledb.js:670:22)\n    at processTicksAndRejections (node:internal/process/task_queues:95:5)\n    at async Object.createPool (C:\\Users\\a.elong\\Documents\\Genesis\\Career\\Projects\\WebStorm\\A-CertifyLink\\node_modules\\oracledb\\lib\\util.js:271:16)\n    at async OrassService.connect (C:\\Users\\a.elong\\Documents\\Genesis\\Career\\Projects\\WebStorm\\A-CertifyLink\\src\\services\\orass-database.service.ts:95:25)\n    at async OrassServiceManager.connect (C:\\Users\\a.elong\\Documents\\Genesis\\Career\\Projects\\WebStorm\\A-CertifyLink\\src\\config\\orass-service-manager.ts:74:13)","timestamp":"2025-06-30 10:48:15"}
{"code":"NJS-516","level":"error","message":"❌ Failed to connect to ORASS database: NJS-516: no configuration directory set or available to search for tnsnames.ora","service":"A-CertifyLink","stack":"Error: NJS-516: no configuration directory set or available to search for tnsnames.ora\n    at Object.throwErr (C:\\Users\\a.elong\\Documents\\Genesis\\Career\\Projects\\WebStorm\\A-CertifyLink\\node_modules\\oracledb\\lib\\errors.js:742:10)\n    at tnsnamesFilePath (C:\\Users\\a.elong\\Documents\\Genesis\\Career\\Projects\\WebStorm\\A-CertifyLink\\node_modules\\oracledb\\lib\\thin\\sqlnet\\paramParser.js:51:14)\n    at resolveConnectStr (C:\\Users\\a.elong\\Documents\\Genesis\\Career\\Projects\\WebStorm\\A-CertifyLink\\node_modules\\oracledb\\lib\\thin\\sqlnet\\networkSession.js:82:29)\n    at getConnectionInfo (C:\\Users\\a.elong\\Documents\\Genesis\\Career\\Projects\\WebStorm\\A-CertifyLink\\node_modules\\oracledb\\lib\\thin\\sqlnet\\networkSession.js:49:25)\n    at ThinPoolImpl.create (C:\\Users\\a.elong\\Documents\\Genesis\\Career\\Projects\\WebStorm\\A-CertifyLink\\node_modules\\oracledb\\lib\\thin\\pool.js:134:13)\n    at Object.createPool (C:\\Users\\a.elong\\Documents\\Genesis\\Career\\Projects\\WebStorm\\A-CertifyLink\\node_modules\\oracledb\\lib\\oracledb.js:670:22)\n    at async Object.createPool (C:\\Users\\a.elong\\Documents\\Genesis\\Career\\Projects\\WebStorm\\A-CertifyLink\\node_modules\\oracledb\\lib\\util.js:271:16)\n    at async OrassService.connect (C:\\Users\\a.elong\\Documents\\Genesis\\Career\\Projects\\WebStorm\\A-CertifyLink\\src\\services\\orass-database.service.ts:96:25)\n    at async OrassServiceManager.connect (C:\\Users\\a.elong\\Documents\\Genesis\\Career\\Projects\\WebStorm\\A-CertifyLink\\src\\config\\orass-service-manager.ts:74:13)","timestamp":"2025-06-30 11:00:44"}
{"code":"NJS-516","level":"error","message":"❌ Failed to connect to ORASS database: NJS-516: no configuration directory set or available to search for tnsnames.ora","service":"A-CertifyLink","stack":"Error: NJS-516: no configuration directory set or available to search for tnsnames.ora\n    at Object.throwErr (C:\\Users\\a.elong\\Documents\\Genesis\\Career\\Projects\\WebStorm\\A-CertifyLink\\node_modules\\oracledb\\lib\\errors.js:742:10)\n    at tnsnamesFilePath (C:\\Users\\a.elong\\Documents\\Genesis\\Career\\Projects\\WebStorm\\A-CertifyLink\\node_modules\\oracledb\\lib\\thin\\sqlnet\\paramParser.js:51:14)\n    at resolveConnectStr (C:\\Users\\a.elong\\Documents\\Genesis\\Career\\Projects\\WebStorm\\A-CertifyLink\\node_modules\\oracledb\\lib\\thin\\sqlnet\\networkSession.js:82:29)\n    at getConnectionInfo (C:\\Users\\a.elong\\Documents\\Genesis\\Career\\Projects\\WebStorm\\A-CertifyLink\\node_modules\\oracledb\\lib\\thin\\sqlnet\\networkSession.js:49:25)\n    at ThinPoolImpl.create (C:\\Users\\a.elong\\Documents\\Genesis\\Career\\Projects\\WebStorm\\A-CertifyLink\\node_modules\\oracledb\\lib\\thin\\pool.js:134:13)\n    at Object.createPool (C:\\Users\\a.elong\\Documents\\Genesis\\Career\\Projects\\WebStorm\\A-CertifyLink\\node_modules\\oracledb\\lib\\oracledb.js:670:22)\n    at async Object.createPool (C:\\Users\\a.elong\\Documents\\Genesis\\Career\\Projects\\WebStorm\\A-CertifyLink\\node_modules\\oracledb\\lib\\util.js:271:16)\n    at async OrassService.connect (C:\\Users\\a.elong\\Documents\\Genesis\\Career\\Projects\\WebStorm\\A-CertifyLink\\src\\services\\orass-database.service.ts:96:25)\n    at async OrassServiceManager.connect (C:\\Users\\a.elong\\Documents\\Genesis\\Career\\Projects\\WebStorm\\A-CertifyLink\\src\\config\\orass-service-manager.ts:74:13)","timestamp":"2025-06-30 11:02:36"}
{"code":"NJS-516","level":"error","message":"❌ Failed to connect to ORASS database: NJS-516: no configuration directory set or available to search for tnsnames.ora","service":"A-CertifyLink","stack":"Error: NJS-516: no configuration directory set or available to search for tnsnames.ora\n    at Object.throwErr (C:\\Users\\a.elong\\Documents\\Genesis\\Career\\Projects\\WebStorm\\A-CertifyLink\\node_modules\\oracledb\\lib\\errors.js:742:10)\n    at tnsnamesFilePath (C:\\Users\\a.elong\\Documents\\Genesis\\Career\\Projects\\WebStorm\\A-CertifyLink\\node_modules\\oracledb\\lib\\thin\\sqlnet\\paramParser.js:51:14)\n    at resolveConnectStr (C:\\Users\\a.elong\\Documents\\Genesis\\Career\\Projects\\WebStorm\\A-CertifyLink\\node_modules\\oracledb\\lib\\thin\\sqlnet\\networkSession.js:82:29)\n    at getConnectionInfo (C:\\Users\\a.elong\\Documents\\Genesis\\Career\\Projects\\WebStorm\\A-CertifyLink\\node_modules\\oracledb\\lib\\thin\\sqlnet\\networkSession.js:49:25)\n    at ThinPoolImpl.create (C:\\Users\\a.elong\\Documents\\Genesis\\Career\\Projects\\WebStorm\\A-CertifyLink\\node_modules\\oracledb\\lib\\thin\\pool.js:134:13)\n    at Object.createPool (C:\\Users\\a.elong\\Documents\\Genesis\\Career\\Projects\\WebStorm\\A-CertifyLink\\node_modules\\oracledb\\lib\\oracledb.js:670:22)\n    at async Object.createPool (C:\\Users\\a.elong\\Documents\\Genesis\\Career\\Projects\\WebStorm\\A-CertifyLink\\node_modules\\oracledb\\lib\\util.js:271:16)\n    at async OrassService.connect (C:\\Users\\a.elong\\Documents\\Genesis\\Career\\Projects\\WebStorm\\A-CertifyLink\\src\\services\\orass-database.service.ts:96:25)\n    at async OrassServiceManager.connect (C:\\Users\\a.elong\\Documents\\Genesis\\Career\\Projects\\WebStorm\\A-CertifyLink\\src\\config\\orass-service-manager.ts:74:13)","timestamp":"2025-06-30 11:04:56"}
{"level":"error","message":"❌ Failed to connect to ORASS database: Connection test failed: NJS-510: connection to host 10.0.7.24 port 1521 timed out. Request exceeded \"transportConnectTimeout\" of 20 seconds. (CONNECTION_ID=qZw1NrOxfVTt63mJQ1nGNA==)","service":"A-CertifyLink","stack":"Error: Connection test failed: NJS-510: connection to host 10.0.7.24 port 1521 timed out. Request exceeded \"transportConnectTimeout\" of 20 seconds. (CONNECTION_ID=qZw1NrOxfVTt63mJQ1nGNA==)\n    at OrassService.testConnection (C:\\Users\\a.elong\\Documents\\Genesis\\Career\\Projects\\WebStorm\\A-CertifyLink\\src\\services\\orass-database.service.ts:154:19)\n    at async OrassService.connect (C:\\Users\\a.elong\\Documents\\Genesis\\Career\\Projects\\WebStorm\\A-CertifyLink\\src\\services\\orass-database.service.ts:108:13)\n    at async OrassServiceManager.connect (C:\\Users\\a.elong\\Documents\\Genesis\\Career\\Projects\\WebStorm\\A-CertifyLink\\src\\config\\orass-service-manager.ts:74:13)","timestamp":"2025-06-30 11:09:31"}
